2023-05-30 13:39:30,896 [INFO] Activator:176 - 


2023-05-30 13:39:30,902 [INFO] Activator:177 - !SESSION log4j initialized
2023-05-30 13:39:37,437 [INFO] LogOutputStream:77 - [STDOUT_REDIRECT] 
2023-05-30 13:39:55,988 [ERROR] LogOutputStream:75 - [STDERR_REDIRECT] SLF4J: Failed to load class "org.slf4j.impl.StaticLoggerBinder".
2023-05-30 13:39:55,989 [ERROR] LogOutputStream:75 - [STDERR_REDIRECT] SLF4J: Defaulting to no-operation (NOP) logger implementation
2023-05-30 13:39:55,990 [ERROR] LogOutputStream:75 - [STDERR_REDIRECT] SLF4J: See http://www.slf4j.org/codes.html#StaticLoggerBinder for further details.
2023-05-30 14:39:42,877 [INFO] Activator:176 - 


2023-05-30 14:39:42,879 [INFO] Activator:177 - !SESSION log4j initialized
2023-05-30 14:39:48,362 [INFO] LogOutputStream:77 - [STDOUT_REDIRECT] 
2023-05-30 14:40:07,312 [ERROR] LogOutputStream:75 - [STDERR_REDIRECT] SLF4J: Failed to load class "org.slf4j.impl.StaticLoggerBinder".
2023-05-30 14:40:07,313 [ERROR] LogOutputStream:75 - [STDERR_REDIRECT] SLF4J: Defaulting to no-operation (NOP) logger implementation
2023-05-30 14:40:07,314 [ERROR] LogOutputStream:75 - [STDERR_REDIRECT] SLF4J: See http://www.slf4j.org/codes.html#StaticLoggerBinder for further details.
2023-05-30 14:47:36,114 [INFO] Activator:176 - 


2023-05-30 14:47:36,115 [INFO] Activator:177 - !SESSION log4j initialized
2023-05-30 14:47:40,940 [INFO] LogOutputStream:77 - [STDOUT_REDIRECT] 
2023-05-30 14:48:00,177 [ERROR] LogOutputStream:75 - [STDERR_REDIRECT] SLF4J: Failed to load class "org.slf4j.impl.StaticLoggerBinder".
2023-05-30 14:48:00,177 [ERROR] LogOutputStream:75 - [STDERR_REDIRECT] SLF4J: Defaulting to no-operation (NOP) logger implementation
2023-05-30 14:48:00,178 [ERROR] LogOutputStream:75 - [STDERR_REDIRECT] SLF4J: See http://www.slf4j.org/codes.html#StaticLoggerBinder for further details.
2023-05-30 22:22:42,551 [INFO] ApplicationProperties:184 - Using Application install path: C:\ST\STM32CubeIDE_1.11.0\STM32CubeIDE\plugins\com.st.stm32cube.common.mx_6.8.1.202304191431
2023-05-30 22:22:42,566 [INFO] DbMcusXml:78 - Set database path to: C:\ST\STM32CubeIDE_1.11.0\STM32CubeIDE\plugins\com.st.stm32cube.common.mx_6.8.1.202304191431\\db\/mcu/
2023-05-30 22:22:42,566 [INFO] ApiDb:274 - Set plugin database path to: C:\ST\STM32CubeIDE_1.11.0\STM32CubeIDE\plugins\com.st.stm32cube.common.mx_6.8.1.202304191431\\db\/plugins/boardmanager/
2023-05-30 22:22:42,568 [WARN] ApiDb:259 - Overriding images path with different value:  => C:\ST\STM32CubeIDE_1.11.0\STM32CubeIDE\plugins\com.st.stm32cube.common.mx_6.8.1.202304191431\\db\/plugins/mcufinder/images/
2023-05-30 22:22:42,583 [INFO] ApiDb:250 - Set database path to: C:\Users\LENOVO\.stmcufinder\plugins\mcufinder//mcu/
2023-05-30 22:22:42,584 [INFO] DbMcusAds:125 - Set database path to: C:\Users\LENOVO\.stmcufinder\plugins\mcufinder//mcu/
2023-05-30 22:22:42,709 [INFO] CrossReferenceDbSqlite:203 - Set database path to: C:\Users\LENOVO\.stmcufinder\plugins\mcufinder//mcu/cs/
2023-05-30 22:22:42,788 [INFO] RulesReader:64 - Compatibility file has been processed (293 Rules)
2023-05-30 22:22:42,854 [INFO] DbMcusXml:78 - Set database path to: C:\ST\STM32CubeIDE_1.11.0\STM32CubeIDE\plugins\com.st.stm32cube.common.mx_6.8.1.202304191431\\db\/mcu/
2023-05-30 22:22:42,854 [INFO] ApiDb:274 - Set plugin database path to: C:\ST\STM32CubeIDE_1.11.0\STM32CubeIDE\plugins\com.st.stm32cube.common.mx_6.8.1.202304191431\\db\/plugins/boardmanager/
2023-05-30 22:22:42,854 [INFO] ApiDb:261 - Set plugin images path to: C:\ST\STM32CubeIDE_1.11.0\STM32CubeIDE\plugins\com.st.stm32cube.common.mx_6.8.1.202304191431\\db\/plugins/mcufinder/images/
2023-05-30 22:22:42,855 [WARN] DbFile:41 - Overriding database path with different value: C:\Users\LENOVO\.stmcufinder\plugins\mcufinder/ => C:\Users\LENOVO\.stmcufinder\plugins\mcufinder
2023-05-30 22:22:42,855 [INFO] ApiDb:250 - Set database path to: C:\Users\LENOVO\.stmcufinder\plugins\mcufinder//mcu/
2023-05-30 22:22:42,855 [WARN] DbFile:41 - Overriding database path with different value: C:\Users\LENOVO\.stmcufinder\plugins\mcufinder/ => C:\Users\LENOVO\.stmcufinder\plugins\mcufinder
2023-05-30 22:22:42,855 [INFO] DbMcusAds:125 - Set database path to: C:\Users\LENOVO\.stmcufinder\plugins\mcufinder//mcu/
2023-05-30 22:22:42,855 [WARN] DbFile:41 - Overriding database path with different value: C:\Users\LENOVO\.stmcufinder\plugins\mcufinder/ => C:\Users\LENOVO\.stmcufinder\plugins\mcufinder
2023-05-30 22:22:42,855 [WARN] DbFile:41 - Overriding database path with different value: C:\Users\LENOVO\.stmcufinder\plugins\mcufinder/ => C:\Users\LENOVO\.stmcufinder\plugins\mcufinder
2023-05-30 22:22:42,855 [INFO] CrossReferenceDbSqlite:203 - Set database path to: C:\Users\LENOVO\.stmcufinder\plugins\mcufinder//mcu/cs/
2023-05-30 22:22:42,910 [INFO] MainPanel:253 - HeapMemory: 432013312
2023-05-30 22:22:42,994 [INFO] DbMcusXml:78 - Set database path to: C:\ST\STM32CubeIDE_1.11.0\STM32CubeIDE\plugins\com.st.stm32cube.common.mx_6.8.1.202304191431\\db\/mcu/
2023-05-30 22:22:42,994 [INFO] ApiDb:274 - Set plugin database path to: C:\ST\STM32CubeIDE_1.11.0\STM32CubeIDE\plugins\com.st.stm32cube.common.mx_6.8.1.202304191431\\db\/plugins/boardmanager/
2023-05-30 22:22:42,994 [INFO] ApiDb:261 - Set plugin images path to: C:\ST\STM32CubeIDE_1.11.0\STM32CubeIDE\plugins\com.st.stm32cube.common.mx_6.8.1.202304191431\\db\/plugins/mcufinder/images/
2023-05-30 22:22:42,994 [WARN] DbFile:41 - Overriding database path with different value: C:\Users\LENOVO\.stmcufinder\plugins\mcufinder/ => C:\Users\LENOVO\.stmcufinder\plugins\mcufinder
2023-05-30 22:22:42,994 [INFO] ApiDb:250 - Set database path to: C:\Users\LENOVO\.stmcufinder\plugins\mcufinder//mcu/
2023-05-30 22:22:42,994 [WARN] DbFile:41 - Overriding database path with different value: C:\Users\LENOVO\.stmcufinder\plugins\mcufinder/ => C:\Users\LENOVO\.stmcufinder\plugins\mcufinder
2023-05-30 22:22:42,994 [INFO] DbMcusAds:125 - Set database path to: C:\Users\LENOVO\.stmcufinder\plugins\mcufinder//mcu/
2023-05-30 22:22:42,994 [WARN] DbFile:41 - Overriding database path with different value: C:\Users\LENOVO\.stmcufinder\plugins\mcufinder/ => C:\Users\LENOVO\.stmcufinder\plugins\mcufinder
2023-05-30 22:22:42,994 [WARN] DbFile:41 - Overriding database path with different value: C:\Users\LENOVO\.stmcufinder\plugins\mcufinder/ => C:\Users\LENOVO\.stmcufinder\plugins\mcufinder
2023-05-30 22:22:42,994 [INFO] CrossReferenceDbSqlite:203 - Set database path to: C:\Users\LENOVO\.stmcufinder\plugins\mcufinder//mcu/cs/
2023-05-30 22:22:43,010 [INFO] ApplicationProperties:184 - Using Application install path: C:\ST\STM32CubeIDE_1.11.0\STM32CubeIDE\plugins\com.st.stm32cube.common.mx_6.8.1.202304191431
2023-05-30 22:22:43,011 [INFO] PluginManage:196 - Search for loadable plugins [exclusion list=, ]
2023-05-30 22:22:43,011 [INFO] PluginManage:310 - Check plugin analytics
2023-05-30 22:22:47,673 [INFO] AnalyticsPlugin:253 - Accepted Software Licenses: 
2023-05-30 22:22:47,674 [INFO] AnalyticsPlugin:255 - Accepted CMSIS Pack Licenses: 
2023-05-30 22:22:47,674 [INFO] AnalyticsPlugin:257 - Accepted Firmware Licenses: 
2023-05-30 22:22:47,678 [INFO] PluginManage:359 - Loaded plugin analytics (category:tool,tabindex:-1)
2023-05-30 22:22:47,679 [INFO] PluginManage:310 - Check plugin cadmodel
2023-05-30 22:22:47,692 [INFO] CADModel:105 - Init CAD model plugin
2023-05-30 22:22:47,692 [INFO] PluginManage:359 - Loaded plugin cadmodel (category:power,tabindex:5)
2023-05-30 22:22:47,692 [INFO] PluginManage:310 - Check plugin clock
2023-05-30 22:22:47,705 [INFO] PluginManage:359 - Loaded plugin clock (category:base,tabindex:2)
2023-05-30 22:22:47,706 [INFO] PluginManage:310 - Check plugin ddr
2023-05-30 22:22:47,707 [INFO] PluginManage:359 - Loaded plugin ddr (category:tool,tabindex:6)
2023-05-30 22:22:47,707 [INFO] PluginManage:310 - Check plugin filemanager
2023-05-30 22:22:47,806 [INFO] PluginManage:359 - Loaded plugin filemanager (category:base,tabindex:10)
2023-05-30 22:22:47,806 [INFO] PluginManage:310 - Check plugin ipmanager
2023-05-30 22:22:47,812 [INFO] PluginManage:359 - Loaded plugin ipmanager (category:base,tabindex:5)
2023-05-30 22:22:47,812 [INFO] PluginManage:310 - Check plugin lpbam
2023-05-30 22:22:47,915 [INFO] PluginManage:359 - Loaded plugin lpbam (category:base,tabindex:0)
2023-05-30 22:22:47,915 [INFO] PluginManage:310 - Check plugin pinoutandconfiguration
2023-05-30 22:22:47,927 [INFO] PluginManage:359 - Loaded plugin pinoutandconfiguration (category:base,tabindex:1)
2023-05-30 22:22:47,927 [INFO] PluginManage:310 - Check plugin pinoutconfig
2023-05-30 22:22:48,019 [WARN] SupportedApi:132 - Cannot load RTOS API schema: s4s-elt-must-match.1: The content of 'definitions' must match (annotation?, (simpleType | complexType)?, (unique | key | keyref)*)). A problem was found starting at: attribute.
2023-05-30 22:22:48,122 [INFO] PluginManage:359 - Loaded plugin pinoutconfig (category:base,tabindex:0)
2023-05-30 22:22:48,122 [INFO] PluginManage:310 - Check plugin power
2023-05-30 22:22:48,153 [INFO] PluginManage:359 - Loaded plugin power (category:power,tabindex:4)
2023-05-30 22:22:48,153 [INFO] PluginManage:310 - Check plugin projectmanager
2023-05-30 22:22:48,165 [INFO] PluginManage:359 - Loaded plugin projectmanager (category:projectmanager,tabindex:3)
2023-05-30 22:22:48,165 [INFO] PluginManage:310 - Check plugin thirdparty
2023-05-30 22:22:48,321 [INFO] PluginManage:359 - Loaded plugin thirdparty (category:base,tabindex:-1)
2023-05-30 22:22:48,321 [WARN] IntegrityCheckThread:84 - waiting for thirdparty lock release [integrity check]
2023-05-30 22:22:48,321 [INFO] PluginManage:310 - Check plugin tools
2023-05-30 22:22:48,321 [INFO] IntegrityCheckThread:86 - entering critical section [integrity check]
2023-05-30 22:22:48,323 [INFO] ThirdPartyUpdaterWithRetryManager:70 - Updater plugin not ready yet. [1/15]
2023-05-30 22:22:48,336 [INFO] PluginManage:359 - Loaded plugin tools (category:base,tabindex:7)
2023-05-30 22:22:48,336 [INFO] PluginManage:310 - Check plugin tutovideos
2023-05-30 22:22:48,529 [INFO] PluginManage:359 - Loaded plugin tutovideos (category:base,tabindex:-1)
2023-05-30 22:22:48,530 [INFO] PluginManage:310 - Check plugin updater
2023-05-30 22:22:48,541 [INFO] PluginManage:359 - Loaded plugin updater (category:base,tabindex:12)
2023-05-30 22:22:48,541 [INFO] PluginManage:283 - PluginManage : Loaded plugins [15]
2023-05-30 22:22:48,743 [INFO] PinOutPanel:1499 - setPackage(No Configuration,No Configuration)
2023-05-30 22:22:48,795 [INFO] CADModel:165 - CPN selected for project level
2023-05-30 22:22:48,795 [INFO] CADModel:114 - Register for checkConnection events
2023-05-30 22:22:48,841 [INFO] IPUIPlugin:80 - create IPUIPlugin
2023-05-30 22:22:48,841 [INFO] PluginManager:220 - loadIPPluginJar : add adc
2023-05-30 22:22:48,857 [INFO] IPUIPlugin:80 - create IPUIPlugin
2023-05-30 22:22:48,857 [INFO] PluginManager:220 - loadIPPluginJar : add aes
2023-05-30 22:22:48,874 [INFO] IPUIPlugin:80 - create IPUIPlugin
2023-05-30 22:22:48,874 [INFO] PluginManager:220 - loadIPPluginJar : add can
2023-05-30 22:22:48,885 [INFO] IPUIPlugin:80 - create IPUIPlugin
2023-05-30 22:22:48,885 [INFO] PluginManager:220 - loadIPPluginJar : add comp
2023-05-30 22:22:48,900 [INFO] IPUIPlugin:80 - create IPUIPlugin
2023-05-30 22:22:48,900 [INFO] PluginManager:220 - loadIPPluginJar : add cryp
2023-05-30 22:22:48,915 [INFO] IPUIPlugin:80 - create IPUIPlugin
2023-05-30 22:22:48,915 [INFO] PluginManager:220 - loadIPPluginJar : add dfsdm
2023-05-30 22:22:48,949 [INFO] IPUIPlugin:80 - create IPUIPlugin
2023-05-30 22:22:48,949 [INFO] PluginManager:220 - loadIPPluginJar : add dma
2023-05-30 22:22:48,968 [INFO] IPUIPlugin:80 - create IPUIPlugin
2023-05-30 22:22:48,968 [INFO] PluginManager:220 - loadIPPluginJar : add dma3
2023-05-30 22:22:48,977 [INFO] IPUIPlugin:80 - create IPUIPlugin
2023-05-30 22:22:48,977 [INFO] PluginManager:220 - loadIPPluginJar : add fatfs
2023-05-30 22:22:48,996 [INFO] IPUIPlugin:80 - create IPUIPlugin
2023-05-30 22:22:48,996 [INFO] PluginManager:220 - loadIPPluginJar : add fmc
2023-05-30 22:22:49,006 [INFO] IPUIPlugin:80 - create IPUIPlugin
2023-05-30 22:22:49,006 [INFO] PluginManager:220 - loadIPPluginJar : add freertos
2023-05-30 22:22:49,015 [INFO] IPUIPlugin:80 - create IPUIPlugin
2023-05-30 22:22:49,015 [INFO] PluginManager:220 - loadIPPluginJar : add genericplugin
2023-05-30 22:22:49,046 [INFO] IPUIPlugin:80 - create IPUIPlugin
2023-05-30 22:22:49,046 [INFO] PluginManager:220 - loadIPPluginJar : add gfxmmu
2023-05-30 22:22:49,088 [INFO] IPUIPlugin:80 - create IPUIPlugin
2023-05-30 22:22:49,088 [INFO] PluginManager:220 - loadIPPluginJar : add gic
2023-05-30 22:22:49,159 [INFO] IPUIPlugin:80 - create IPUIPlugin
2023-05-30 22:22:49,159 [INFO] PluginManager:220 - loadIPPluginJar : add gpio
2023-05-30 22:22:49,186 [INFO] IPUIPlugin:80 - create IPUIPlugin
2023-05-30 22:22:49,186 [INFO] PluginManager:220 - loadIPPluginJar : add gtzc
2023-05-30 22:22:49,200 [INFO] IPUIPlugin:80 - create IPUIPlugin
2023-05-30 22:22:49,200 [INFO] PluginManager:220 - loadIPPluginJar : add hash
2023-05-30 22:22:49,219 [INFO] IPUIPlugin:80 - create IPUIPlugin
2023-05-30 22:22:49,219 [INFO] PluginManager:220 - loadIPPluginJar : add i2c
2023-05-30 22:22:49,234 [INFO] IPUIPlugin:80 - create IPUIPlugin
2023-05-30 22:22:49,234 [INFO] PluginManager:220 - loadIPPluginJar : add i2s
2023-05-30 22:22:49,250 [INFO] IPUIPlugin:80 - create IPUIPlugin
2023-05-30 22:22:49,250 [INFO] PluginManager:220 - loadIPPluginJar : add i3c
2023-05-30 22:22:49,275 [INFO] IPUIPlugin:80 - create IPUIPlugin
2023-05-30 22:22:49,275 [INFO] PluginManager:220 - loadIPPluginJar : add ipddr
2023-05-30 22:22:49,307 [INFO] IPUIPlugin:80 - create IPUIPlugin
2023-05-30 22:22:49,307 [INFO] PluginManager:220 - loadIPPluginJar : add linkedlist
2023-05-30 22:22:49,322 [INFO] IPUIPlugin:80 - create IPUIPlugin
2023-05-30 22:22:49,322 [INFO] PluginManager:220 - loadIPPluginJar : add lorawan
2023-05-30 22:22:49,335 [INFO] IPUIPlugin:80 - create IPUIPlugin
2023-05-30 22:22:49,335 [INFO] PluginManager:220 - loadIPPluginJar : add ltdc
2023-05-30 22:22:49,398 [INFO] IPUIPlugin:80 - create IPUIPlugin
2023-05-30 22:22:49,399 [INFO] PluginManager:220 - loadIPPluginJar : add mdma
2023-05-30 22:22:49,467 [INFO] IPUIPlugin:80 - create IPUIPlugin
2023-05-30 22:22:49,467 [INFO] PluginManager:220 - loadIPPluginJar : add nvic
2023-05-30 22:22:49,482 [INFO] IPUIPlugin:80 - create IPUIPlugin
2023-05-30 22:22:49,483 [INFO] PluginManager:220 - loadIPPluginJar : add opamp
2023-05-30 22:22:49,505 [INFO] IPUIPlugin:80 - create IPUIPlugin
2023-05-30 22:22:49,505 [INFO] PluginManager:220 - loadIPPluginJar : add openamp
2023-05-30 22:22:49,522 [INFO] IPUIPlugin:80 - create IPUIPlugin
2023-05-30 22:22:49,522 [INFO] PluginManager:220 - loadIPPluginJar : add pdm2pcm
2023-05-30 22:22:49,587 [INFO] IPUIPlugin:80 - create IPUIPlugin
2023-05-30 22:22:49,590 [INFO] PluginManager:220 - loadIPPluginJar : add plateformsettings
2023-05-30 22:22:49,600 [INFO] IPUIPlugin:80 - create IPUIPlugin
2023-05-30 22:22:49,600 [INFO] PluginManager:220 - loadIPPluginJar : add quadspi
2023-05-30 22:22:49,607 [INFO] IPUIPlugin:80 - create IPUIPlugin
2023-05-30 22:22:49,607 [INFO] PluginManager:220 - loadIPPluginJar : add resmgrutility
2023-05-30 22:22:49,624 [INFO] IPUIPlugin:80 - create IPUIPlugin
2023-05-30 22:22:49,624 [INFO] PluginManager:220 - loadIPPluginJar : add sai
2023-05-30 22:22:49,639 [INFO] IPUIPlugin:80 - create IPUIPlugin
2023-05-30 22:22:49,640 [INFO] PluginManager:220 - loadIPPluginJar : add spi
2023-05-30 22:22:49,661 [INFO] IPUIPlugin:80 - create IPUIPlugin
2023-05-30 22:22:49,661 [INFO] PluginManager:220 - loadIPPluginJar : add stm32_wpan
2023-05-30 22:22:49,671 [INFO] IPUIPlugin:80 - create IPUIPlugin
2023-05-30 22:22:49,671 [INFO] PluginManager:220 - loadIPPluginJar : add tim
2023-05-30 22:22:49,691 [INFO] IPUIPlugin:80 - create IPUIPlugin
2023-05-30 22:22:49,691 [INFO] PluginManager:220 - loadIPPluginJar : add touchsensing
2023-05-30 22:22:49,701 [INFO] IPUIPlugin:80 - create IPUIPlugin
2023-05-30 22:22:49,701 [INFO] PluginManager:220 - loadIPPluginJar : add tracer_emb
2023-05-30 22:22:49,711 [INFO] IPUIPlugin:80 - create IPUIPlugin
2023-05-30 22:22:49,711 [INFO] PluginManager:220 - loadIPPluginJar : add ts
2023-05-30 22:22:49,721 [INFO] IPUIPlugin:80 - create IPUIPlugin
2023-05-30 22:22:49,721 [INFO] PluginManager:220 - loadIPPluginJar : add tsc
2023-05-30 22:22:49,731 [INFO] IPUIPlugin:80 - create IPUIPlugin
2023-05-30 22:22:49,731 [INFO] PluginManager:220 - loadIPPluginJar : add ucpd
2023-05-30 22:22:49,747 [INFO] IPUIPlugin:80 - create IPUIPlugin
2023-05-30 22:22:49,747 [INFO] PluginManager:220 - loadIPPluginJar : add usart
2023-05-30 22:22:49,762 [INFO] IPUIPlugin:80 - create IPUIPlugin
2023-05-30 22:22:49,762 [INFO] PluginManager:220 - loadIPPluginJar : add usbx
2023-05-30 22:22:49,874 [INFO] CADModel:165 - CPN selected for project level
2023-05-30 22:22:49,875 [INFO] CADModel:114 - Register for checkConnection events
2023-05-30 22:22:49,875 [FATAL] Updater:308 - Updater called before beeing initialized
2023-05-30 22:22:49,875 [ERROR] CADModel:125 - Updater not yet initialized, retry later 
2023-05-30 22:22:49,994 [INFO] CADModel:165 - CPN selected for project level
2023-05-30 22:22:49,994 [INFO] CADModel:114 - Register for checkConnection events
2023-05-30 22:22:49,994 [FATAL] Updater:308 - Updater called before beeing initialized
2023-05-30 22:22:49,994 [ERROR] CADModel:125 - Updater not yet initialized, retry later 
2023-05-30 22:22:49,997 [FATAL] Updater:308 - Updater called before beeing initialized
2023-05-30 22:22:50,086 [FATAL] Updater:308 - Updater called before beeing initialized
2023-05-30 22:22:50,094 [INFO] DbMcusAds:53 - JSON generation date=Tue Mar 07 15:50:54 ICT 2023 (1678179054945)
2023-05-30 22:22:50,095 [FATAL] Updater:308 - Updater called before beeing initialized
2023-05-30 22:22:50,157 [WARN] DetailPanel:346 - Failed to get advertising image, set to default
2023-05-30 22:22:50,275 [FATAL] Updater:308 - Updater called before beeing initialized
2023-05-30 22:22:50,277 [FATAL] Updater:308 - Updater called before beeing initialized
2023-05-30 22:22:50,277 [FATAL] Updater:308 - Updater called before beeing initialized
2023-05-30 22:22:50,277 [WARN] DetailPanel:346 - Failed to get advertising image, set to default
2023-05-30 22:22:50,277 [FATAL] Updater:308 - Updater called before beeing initialized
2023-05-30 22:22:50,320 [ERROR] Updater:1120 - MainUpdater not yet initialized. External WinMGr cannot be set.
2023-05-30 22:22:50,325 [INFO] Updater:1056 - Updater Version found : 6.8.1
2023-05-30 22:22:50,339 [INFO] ApplicationProperties:184 - Using Application install path: C:\ST\STM32CubeIDE_1.11.0\STM32CubeIDE\plugins\com.st.stm32cube.common.mx_6.8.1.202304191431
2023-05-30 22:22:51,326 [INFO] ThirdPartyUpdaterWithRetryManager:70 - Updater plugin not ready yet. [2/15]
2023-05-30 22:22:51,827 [INFO] MainUpdater:2854 - connection check result : 10
2023-05-30 22:22:51,828 [INFO] MainUpdater:283 - Updater Check For Update Now.
2023-05-30 22:22:51,828 [INFO] MicroXplorer:498 - Change Database Version : DB.6.0.81
2023-05-30 22:22:51,977 [INFO] CheckServerUpdateThread:120 - End of CheckServer Thread
2023-05-30 22:22:52,052 [INFO] MainUpdater:2854 - connection check result : 10
2023-05-30 22:22:52,056 [INFO] MainUpdater:2854 - connection check result : 10
2023-05-30 22:22:52,137 [INFO] MicroXplorer:468 - Change Database Path : 
2023-05-30 22:22:52,137 [INFO] MicroXplorer:498 - Change Database Version : DB.6.0.81
2023-05-30 22:22:52,138 [WARN] ThirdParty:871 - waiting for thirdparty lock release [close project]
2023-05-30 22:22:54,608 [WARN] PackLoader:240 - Cannot read IP mode file for STMicroelectronics.X-CUBE-GNSS1.6.0.0
2023-05-30 22:22:54,634 [WARN] PackLoader:240 - Cannot read IP mode file for STMicroelectronics.X-CUBE-AZRTOS-F4.1.1.0
2023-05-30 22:22:54,646 [WARN] PackLoader:240 - Cannot read IP mode file for STMicroelectronics.X-CUBE-SMBUS.2.1.0
2023-05-30 22:22:54,681 [WARN] PackLoader:240 - Cannot read IP mode file for STMicroelectronics.X-CUBE-MEMS1.9.2.0
2023-05-30 22:22:54,770 [WARN] PackLoader:240 - Cannot read IP mode file for STMicroelectronics.X-CUBE-BLEMGR.1.2.0
2023-05-30 22:22:54,793 [WARN] PackLoader:240 - Cannot read IP mode file for STMicroelectronics.X-CUBE-AZRTOS-F7.1.1.0
2023-05-30 22:22:54,829 [WARN] PackLoader:240 - Cannot read IP mode file for STMicroelectronics.X-CUBE-MEMS1.9.6.0
2023-05-30 22:22:54,949 [WARN] PackLoader:240 - Cannot read IP mode file for STMicroelectronics.X-CUBE-AI.7.1.0
2023-05-30 22:22:54,960 [WARN] PackLoader:240 - Cannot read IP mode file for STMicroelectronics.X-CUBE-TOUCHGFX.4.19.1
2023-05-30 22:22:54,969 [ERROR] RealEvaluatedCondition:428 - Found unsupported composite condition: CLASS='Data Exchange' GROUP='STM32_MetaDataManager'
2023-05-30 22:22:54,970 [ERROR] RealEvaluatedCondition:428 - Found unsupported composite condition: CLASS='Data Exchange' GROUP='STM32_MetaDataManager'
2023-05-30 22:22:54,970 [WARN] PackLoader:240 - Cannot read IP mode file for STMicroelectronics.FP-SNS-MOTENV1.4.3.0
2023-05-30 22:22:54,980 [WARN] PackLoader:240 - Cannot read IP mode file for STMicroelectronics.FP-SNS-FLIGHT1.5.0.0
2023-05-30 22:22:54,988 [ERROR] RealEvaluatedCondition:428 - Found unsupported composite condition: CLASS='Data Exchange' GROUP='STM32_MetaDataManager'
2023-05-30 22:22:54,988 [ERROR] RealEvaluatedCondition:428 - Found unsupported composite condition: CLASS='Data Exchange' GROUP='STM32_MetaDataManager'
2023-05-30 22:22:54,989 [WARN] PackLoader:240 - Cannot read IP mode file for STMicroelectronics.FP-SNS-MOTENV1.4.3.1
2023-05-30 22:22:54,999 [WARN] PackLoader:240 - Cannot read IP mode file for STMicroelectronics.FP-SNS-FLIGHT1.5.0.1
2023-05-30 22:22:55,009 [WARN] PackLoader:240 - Cannot read IP mode file for STMicroelectronics.X-CUBE-BLE1.6.2.3
2023-05-30 22:22:55,020 [WARN] PackLoader:240 - Cannot read IP mode file for STMicroelectronics.X-CUBE-EEPRMA1.3.0.0
2023-05-30 22:22:55,031 [WARN] PackLoader:240 - Cannot read IP mode file for STMicroelectronics.X-CUBE-BLE1.6.2.4
2023-05-30 22:22:55,044 [WARN] PackLoader:240 - Cannot read IP mode file for STMicroelectronics.X-CUBE-BLEMGR.2.0.0
2023-05-30 22:22:55,055 [WARN] PackLoader:240 - Cannot read IP mode file for STMicroelectronics.X-CUBE-BLE1.6.2.2
2023-05-30 22:22:55,067 [WARN] PackLoader:240 - Cannot read IP mode file for STMicroelectronics.X-CUBE-NFC4.2.0.5
2023-05-30 22:22:55,082 [WARN] PackLoader:240 - Cannot read IP mode file for STMicroelectronics.X-CUBE-NFC4.2.0.4
2023-05-30 22:22:55,094 [WARN] PackLoader:240 - Cannot read IP mode file for STMicroelectronics.X-CUBE-BLE2.3.2.2
2023-05-30 22:22:55,106 [WARN] PackLoader:240 - Cannot read IP mode file for STMicroelectronics.X-CUBE-NFC4.2.0.2
2023-05-30 22:22:55,131 [WARN] ConditionMgr:438 - getConditionDescription Invalid condition id : UX DEVICE CLASS RTOS Condition cause : null
2023-05-30 22:22:55,131 [WARN] ConditionMgr:438 - getConditionDescription Invalid condition id : UX DEVICE CLASS RTOS Condition cause : null
2023-05-30 22:22:55,134 [WARN] PackLoader:240 - Cannot read IP mode file for STMicroelectronics.X-CUBE-AZRTOS-H7.3.1.0
2023-05-30 22:22:55,136 [WARN] ConditionMgr:1039 - genDependencies : Invalid condition id : UX DEVICE CLASS RTOS Condition cause : null
2023-05-30 22:22:55,137 [WARN] ConditionMgr:1039 - genDependencies : Invalid condition id : UX DEVICE CLASS RTOS Condition cause : null
2023-05-30 22:22:55,137 [WARN] ConditionMgr:1039 - genDependencies : Invalid condition id : UX DEVICE CLASS RTOS Condition cause : null
2023-05-30 22:22:55,138 [WARN] ConditionMgr:1039 - genDependencies : Invalid condition id : UX DEVICE CLASS RTOS Condition cause : null
2023-05-30 22:22:55,138 [WARN] ConditionMgr:1039 - genDependencies : Invalid condition id : UX DEVICE CLASS RTOS Condition cause : null
2023-05-30 22:22:55,153 [WARN] PackLoader:240 - Cannot read IP mode file for STMicroelectronics.X-CUBE-TOF1.3.1.0
2023-05-30 22:22:55,165 [WARN] PackLoader:240 - Cannot read IP mode file for STMicroelectronics.X-CUBE-BLE2.3.2.0
2023-05-30 22:22:55,177 [WARN] PackLoader:240 - Cannot read IP mode file for STMicroelectronics.X-CUBE-SFXS2LP1.3.1.0
2023-05-30 22:22:55,191 [WARN] PackLoader:240 - Cannot read IP mode file for STMicroelectronics.X-CUBE-DISPLAY.3.0.0
2023-05-30 22:22:55,214 [WARN] PackLoader:240 - Cannot read IP mode file for STMicroelectronics.X-CUBE-AZRTOS-F4.1.0.0
2023-05-30 22:22:55,227 [WARN] PackLoader:240 - Cannot read IP mode file for wolfSSL.I-CUBE-wolfSSL.5.5.0
2023-05-30 22:22:55,237 [WARN] PackLoader:240 - Cannot read IP mode file for STMicroelectronics.X-CUBE-NFC7.1.0.0
2023-05-30 22:22:55,260 [WARN] PackLoader:240 - Cannot read IP mode file for STMicroelectronics.X-CUBE-AZRTOS-H7.1.0.0
2023-05-30 22:22:55,292 [WARN] PackLoader:240 - Cannot read IP mode file for STMicroelectronics.X-CUBE-MEMS1.9.3.0
2023-05-30 22:22:55,358 [WARN] PackLoader:240 - Cannot read IP mode file for STMicroelectronics.X-CUBE-EEPRMA1.4.1.0
2023-05-30 22:22:55,367 [WARN] PackLoader:240 - Cannot read IP mode file for STMicroelectronics.X-CUBE-AI.7.2.0
2023-05-30 22:22:55,475 [WARN] PackLoader:240 - Cannot read IP mode file for STMicroelectronics.X-CUBE-DISPLAY.1.0.0
2023-05-30 22:22:55,484 [WARN] PackLoader:240 - Cannot read IP mode file for STMicroelectronics.X-CUBE-AI.6.0.0
2023-05-30 22:22:55,506 [WARN] PackLoader:240 - Cannot read IP mode file for STMicroelectronics.X-CUBE-AZRTOS-G0.1.0.0
2023-05-30 22:22:55,520 [WARN] PackLoader:240 - Cannot read IP mode file for STMicroelectronics.X-CUBE-ALGOBUILD.1.2.0
2023-05-30 22:22:55,545 [WARN] ConditionMgr:438 - getConditionDescription Invalid condition id : LAN8742 Phy interface Condition cause : null
2023-05-30 22:22:55,546 [WARN] PackLoader:240 - Cannot read IP mode file for STMicroelectronics.X-CUBE-AZRTOS-L4.2.0.0
2023-05-30 22:22:55,548 [WARN] ConditionMgr:1039 - genDependencies : Invalid condition id : LAN8742 Phy interface Condition cause : null
2023-05-30 22:22:55,548 [WARN] ConditionMgr:1039 - genDependencies : Invalid condition id : LAN8742 Phy interface Condition cause : null
2023-05-30 22:22:55,548 [WARN] ConditionMgr:1039 - genDependencies : Invalid condition id : LAN8742 Phy interface Condition cause : null
2023-05-30 22:22:55,565 [WARN] PackLoader:240 - Cannot read IP mode file for WES.I-CUBE-Cesium.1.3.0
2023-05-30 22:22:55,575 [WARN] PackLoader:240 - Cannot read IP mode file for STMicroelectronics.X-CUBE-BLE1.6.1.0
2023-05-30 22:22:55,585 [WARN] PackLoader:240 - Cannot read IP mode file for STMicroelectronics.X-CUBE-SFXS2LP1.4.0.0
2023-05-30 22:22:55,595 [WARN] PackLoader:240 - Cannot read IP mode file for STMicroelectronics.X-CUBE-BLE2.3.3.0
2023-05-30 22:22:55,608 [WARN] PackLoader:240 - Cannot read IP mode file for STMicroelectronics.X-CUBE-DISPLAY.2.2.0
2023-05-30 22:22:55,620 [WARN] PackLoader:240 - Cannot read IP mode file for wolfSSL.I-CUBE-wolfSSL.4.7.0
2023-05-30 22:22:55,634 [WARN] PackLoader:240 - Cannot read IP mode file for STMicroelectronics.X-CUBE-TOF1.3.2.0
2023-05-30 22:22:55,661 [WARN] PackLoader:240 - Cannot read IP mode file for STMicroelectronics.X-CUBE-AZRTOS-H7.3.0.0
2023-05-30 22:22:55,675 [WARN] PackLoader:240 - Cannot read IP mode file for STMicroelectronics.X-CUBE-ISPU.1.0.0
2023-05-30 22:22:55,684 [WARN] PackLoader:240 - Cannot read IP mode file for STMicroelectronics.X-CUBE-ISPU.1.1.0
2023-05-30 22:22:55,699 [WARN] PackLoader:240 - Cannot read IP mode file for RoweBots.I-CUBE-UNISONRTOS.5.5.0-4
2023-05-30 22:22:55,713 [WARN] PackLoader:240 - Cannot read IP mode file for STMicroelectronics.X-CUBE-SFXS2LP1.3.0.0
2023-05-30 22:22:55,737 [WARN] PackLoader:240 - Cannot read IP mode file for STMicroelectronics.X-CUBE-AZRTOS-H7.2.1.0
2023-05-30 22:22:55,750 [WARN] PackLoader:240 - Cannot read IP mode file for STMicroelectronics.X-CUBE-AI.8.0.0
2023-05-30 22:22:55,761 [WARN] PackLoader:240 - Cannot read IP mode file for STMicroelectronics.X-CUBE-FREERTOS.1.0.0
2023-05-30 22:22:55,771 [WARN] PackLoader:240 - Cannot read IP mode file for STMicroelectronics.X-CUBE-FREERTOS.1.0.1
2023-05-30 22:22:55,780 [WARN] PackLoader:240 - Cannot read IP mode file for STMicroelectronics.X-CUBE-TOUCHGFX.4.21.1
2023-05-30 22:22:55,787 [WARN] PackLoader:240 - Cannot read IP mode file for STMicroelectronics.X-CUBE-TOUCHGFX.4.21.0
2023-05-30 22:22:55,794 [WARN] PackLoader:240 - Cannot read IP mode file for STMicroelectronics.X-CUBE-TOUCHGFX.4.21.3
2023-05-30 22:22:55,803 [WARN] PackLoader:240 - Cannot read IP mode file for STMicroelectronics.X-CUBE-BLEMGR.1.0.0
2023-05-30 22:22:55,811 [WARN] PackLoader:240 - Cannot read IP mode file for STMicroelectronics.X-CUBE-TOUCHGFX.4.21.4
2023-05-30 22:22:55,835 [WARN] PackLoader:240 - Cannot read IP mode file for STMicroelectronics.X-CUBE-MEMS1.9.4.0
2023-05-30 22:22:55,897 [WARN] PackLoader:240 - Cannot read IP mode file for STMicroelectronics.X-CUBE-AI.7.3.0
2023-05-30 22:22:55,905 [WARN] PackLoader:240 - Cannot read IP mode file for STMicroelectronics.X-CUBE-ALGOBUILD.1.3.0
2023-05-30 22:22:55,926 [WARN] PackLoader:240 - Cannot read IP mode file for STMicroelectronics.X-CUBE-AZRTOS-L5.1.1.0
2023-05-30 22:22:55,943 [WARN] PackLoader:240 - Cannot read IP mode file for STMicroelectronics.X-CUBE-AZRTOS-G0.1.1.0
2023-05-30 22:22:55,951 [WARN] PackLoader:240 - Cannot read IP mode file for STMicroelectronics.X-CUBE-AI.8.0.1
2023-05-30 22:22:55,962 [WARN] PackLoader:240 - Cannot read IP mode file for STMicroelectronics.X-CUBE-SUBG2.5.0.0
2023-05-30 22:22:55,973 [WARN] PackLoader:240 - Cannot read IP mode file for STMicroelectronics.X-CUBE-NFC4.3.0.0
2023-05-30 22:22:55,996 [WARN] PackLoader:240 - Cannot read IP mode file for SEGGER.I-CUBE-embOS.1.2.0
2023-05-30 22:22:56,025 [WARN] PackLoader:240 - Cannot read IP mode file for STMicroelectronics.X-CUBE-AZRTOS-G4.2.0.0
2023-05-30 22:22:56,039 [WARN] PackLoader:240 - Cannot read IP mode file for STMicroelectronics.X-CUBE-TOF1.3.3.0
2023-05-30 22:22:56,052 [WARN] PackLoader:240 - Cannot read IP mode file for STMicroelectronics.FP-ATR-ASTRA1.1.1.1
2023-05-30 22:22:56,062 [WARN] PackLoader:240 - Cannot read IP mode file for STMicroelectronics.X-CUBE-BLEMGR.1.3.0
2023-05-30 22:22:56,079 [WARN] PackLoader:240 - Cannot read IP mode file for STMicroelectronics.X-CUBE-AZRTOS-G4.1.0.0
2023-05-30 22:22:56,090 [WARN] PackLoader:240 - Cannot read IP mode file for STMicroelectronics.FP-ATR-SIGFOX1.3.2.0
2023-05-30 22:22:56,110 [WARN] PackLoader:240 - Cannot read IP mode file for STMicroelectronics.X-CUBE-AZRTOS-L4.1.0.0
2023-05-30 22:22:56,122 [WARN] PackLoader:240 - Cannot read IP mode file for emotas.I-CUBE-CANOPEN.1.1.2
2023-05-30 22:22:56,129 [WARN] PackLoader:240 - Cannot read IP mode file for STMicroelectronics.X-CUBE-TOUCHGFX.4.20.0
2023-05-30 22:22:56,145 [WARN] PackLoader:240 - Cannot read IP mode file for STMicroelectronics.X-CUBE-AZRTOS-F7.1.0.0
2023-05-30 22:22:56,157 [WARN] PackLoader:240 - Cannot read IP mode file for STMicroelectronics.X-CUBE-SUBG2.4.0.0
2023-05-30 22:22:56,172 [WARN] PackLoader:240 - Cannot read IP mode file for STMicroelectronics.X-CUBE-AZRTOS-WL.1.0.0
2023-05-30 22:22:56,180 [WARN] PackLoader:240 - Cannot read IP mode file for STMicroelectronics.X-CUBE-TOF1.1.0.0
2023-05-30 22:22:56,190 [WARN] PackLoader:240 - Cannot read IP mode file for portGmbH.I-Cube-SoM-uGOAL.1.1.0
2023-05-30 22:22:56,197 [WARN] PackLoader:240 - Cannot read IP mode file for STMicroelectronics.X-CUBE-ALS.1.0.1
2023-05-30 22:22:56,220 [WARN] PackLoader:240 - Cannot read IP mode file for STMicroelectronics.X-CUBE-MEMS1.9.5.0
2023-05-30 22:22:56,284 [WARN] PackLoader:240 - Cannot read IP mode file for STMicroelectronics.X-CUBE-AI.7.0.0
2023-05-30 22:22:56,300 [WARN] PackLoader:240 - Cannot read IP mode file for STMicroelectronics.X-CUBE-AZRTOS-WB.1.1.0
2023-05-30 22:22:56,345 [WARN] PackLoader:240 - Cannot read IP mode file for SEGGER.I-CUBE-embOS.1.3.1
2023-05-30 22:22:56,382 [WARN] PackLoader:240 - Cannot read IP mode file for STMicroelectronics.X-CUBE-MEMS1.8.3.0
2023-05-30 22:22:56,432 [WARN] PackLoader:240 - Cannot read IP mode file for STMicroelectronics.X-CUBE-AZRTOS-L5.1.0.0
2023-05-30 22:22:56,443 [WARN] PackLoader:240 - Cannot read IP mode file for STMicroelectronics.X-CUBE-EEPRMA1.3.1.1
2023-05-30 22:22:56,452 [WARN] PackLoader:240 - Cannot read IP mode file for STMicroelectronics.X-CUBE-GNSS1.5.2.0
2023-05-30 22:22:56,460 [WARN] PackLoader:240 - Cannot read IP mode file for STMicroelectronics.FP-ATR-ASTRA1.2.0.0
2023-05-30 22:22:56,466 [WARN] PackLoader:240 - Cannot read IP mode file for STMicroelectronics.X-CUBE-TOUCHGFX.4.16.1
2023-05-30 22:22:56,477 [WARN] PackLoader:240 - Cannot read IP mode file for STMicroelectronics.X-CUBE-TOF1.3.0.0
2023-05-30 22:22:56,479 [INFO] ThirdParty:978 - Integrity check success = true
2023-05-30 22:22:56,479 [INFO] IntegrityCheckThread:100 - exiting critical section [integrity check]
2023-05-30 22:22:56,479 [INFO] IntegrityCheckThread:103 - End integrity checks thread
2023-05-30 22:22:56,479 [INFO] ThirdParty:873 - entering critical section [close project]
2023-05-30 22:22:56,480 [INFO] ThirdParty:883 - exiting critical section [close project]
2023-05-30 22:22:56,483 [INFO] PinOutPanel:1499 - setPackage(No Configuration,No Configuration)
2023-05-30 22:22:56,487 [INFO] UtilMem:75 - Begin LoadConfig() Used Memory: 331120832 Bytes (432013312)
2023-05-30 22:22:56,489 [INFO] MicroXplorer:468 - Change Database Path : 
2023-05-30 22:22:56,489 [INFO] MicroXplorer:498 - Change Database Version : DB.6.0.81
2023-05-30 22:22:56,489 [INFO] OpenFileManager:308 - Change cursor
2023-05-30 22:22:56,498 [INFO] ThirdPartyDownloadManager:73 - Found SW packARM.CMSIS.5.6.0up-to-date on disk
2023-05-30 22:22:56,535 [INFO] Mcu:1937 - Initializing MCU STM32F411R(C-E)Tx STM32F411RETx STM32F411RET6
2023-05-30 22:22:57,335 [INFO] Context:659 - Trying to add GPIOservice into a context  which must be forbidden
2023-05-30 22:22:57,611 [INFO] ApiDbMcu:507 - Load IP Config File for ARM.CMSIS.5.6.0
2023-05-30 22:22:57,830 [INFO] RtosManager:555 - Registered RTOS mode: class=CMSIS, group=RTOS, mode=CMSIS_V1, owner=FREERTOS
2023-05-30 22:22:57,831 [INFO] RtosManager:555 - Registered RTOS mode: class=CMSIS, group=RTOS2, mode=CMSIS_V2, owner=FREERTOS
2023-05-30 22:22:57,831 [INFO] RtosManager:555 - Registered RTOS mode: class=RTOS, group=Core, mode=CMSIS_V1, owner=FREERTOS
2023-05-30 22:22:57,831 [INFO] RtosManager:555 - Registered RTOS mode: class=RTOS, group=Core, mode=CMSIS_V2, owner=FREERTOS
2023-05-30 22:22:57,831 [WARN] ModelIntegratedComponent:184 - Missing modes for component STMicroelectronics:FreeRTOS:0.0.1:STMicroelectronics:RTOS:FreeRTOS:Core:::10.2.0:
2023-05-30 22:22:57,838 [WARN] ModelIntegratedComponent:63 - No mode defined for component null
2023-05-30 22:22:57,838 [WARN] ModelIntegratedComponent:63 - No mode defined for component null
2023-05-30 22:22:57,838 [WARN] ModelIntegratedComponent:63 - No mode defined for component null
2023-05-30 22:22:57,838 [WARN] ModelIntegratedComponent:63 - No mode defined for component null
2023-05-30 22:22:57,838 [WARN] ModelIntegratedComponent:63 - No mode defined for component null
2023-05-30 22:22:57,838 [WARN] ModelIntegratedComponent:63 - No mode defined for component null
2023-05-30 22:22:57,839 [WARN] ModelIntegratedComponent:63 - No mode defined for component null
2023-05-30 22:22:57,839 [WARN] ModelIntegratedComponent:63 - No mode defined for component null
2023-05-30 22:22:57,839 [WARN] ModelIntegratedComponent:63 - No mode defined for component null
2023-05-30 22:22:57,839 [WARN] ModelIntegratedComponent:63 - No mode defined for component null
2023-05-30 22:22:57,839 [WARN] ModelIntegratedComponent:63 - No mode defined for component null
2023-05-30 22:22:57,839 [WARN] ModelIntegratedComponent:63 - No mode defined for component null
2023-05-30 22:22:57,839 [WARN] ModelIntegratedComponent:63 - No mode defined for component null
2023-05-30 22:22:57,839 [WARN] ModelIntegratedComponent:63 - No mode defined for component null
2023-05-30 22:22:57,839 [WARN] ModelIntegratedComponent:63 - No mode defined for component null
2023-05-30 22:22:57,839 [WARN] ModelIntegratedComponent:63 - No mode defined for component null
2023-05-30 22:22:57,839 [WARN] ModelIntegratedComponent:63 - No mode defined for component null
2023-05-30 22:22:57,839 [WARN] ModelIntegratedComponent:63 - No mode defined for component null
2023-05-30 22:22:57,839 [WARN] ModelIntegratedComponent:63 - No mode defined for component null
2023-05-30 22:22:57,839 [WARN] ModelIntegratedComponent:63 - No mode defined for component null
2023-05-30 22:22:57,839 [WARN] ModelIntegratedComponent:63 - No mode defined for component null
2023-05-30 22:22:57,839 [WARN] ModelIntegratedComponent:63 - No mode defined for component null
2023-05-30 22:22:57,839 [WARN] ModelIntegratedComponent:63 - No mode defined for component null
2023-05-30 22:22:57,839 [WARN] ModelIntegratedComponent:63 - No mode defined for component null
2023-05-30 22:22:57,839 [WARN] ModelIntegratedComponent:63 - No mode defined for component null
2023-05-30 22:22:57,839 [WARN] ModelIntegratedComponent:63 - No mode defined for component null
2023-05-30 22:22:57,839 [WARN] ModelIntegratedComponent:63 - No mode defined for component null
2023-05-30 22:22:57,839 [WARN] ModelIntegratedComponent:63 - No mode defined for component null
2023-05-30 22:22:57,839 [WARN] ModelIntegratedComponent:63 - No mode defined for component null
2023-05-30 22:22:57,840 [WARN] ModelIntegratedComponent:63 - No mode defined for component null
2023-05-30 22:22:57,840 [WARN] ModelIntegratedComponent:63 - No mode defined for component null
2023-05-30 22:22:57,840 [WARN] ModelIntegratedComponent:63 - No mode defined for component null
2023-05-30 22:22:57,840 [WARN] ModelIntegratedComponent:63 - No mode defined for component null
2023-05-30 22:22:57,883 [WARN] ModelIntegratedComponent:182 - Modes not found for component STMicroelectronics:USB_DEVICE:1.0.0:STMicroelectronics:USB::USB Device:Audio HS::1.0:USB_DEVICE_1_0_RESTRICTED_HS
2023-05-30 22:22:57,883 [WARN] ModelIntegratedComponent:188 - Modes not found for component STMicroelectronics:USB_DEVICE:1.0.0:STMicroelectronics:USB::USB Device:Audio HS::1.0:USB_DEVICE_1_0_RESTRICTED_HS
2023-05-30 22:22:57,883 [WARN] ModelIntegratedComponent:182 - Modes not found for component STMicroelectronics:USB_DEVICE:1.0.0:STMicroelectronics:USB::USB Device:CDC HS::1.0:USB_DEVICE_1_0_RESTRICTED_HS
2023-05-30 22:22:57,883 [WARN] ModelIntegratedComponent:188 - Modes not found for component STMicroelectronics:USB_DEVICE:1.0.0:STMicroelectronics:USB::USB Device:CDC HS::1.0:USB_DEVICE_1_0_RESTRICTED_HS
2023-05-30 22:22:57,883 [WARN] ModelIntegratedComponent:182 - Modes not found for component STMicroelectronics:USB_DEVICE:1.0.0:STMicroelectronics:USB::USB Device:DFU HS::1.0:USB_DEVICE_1_0_RESTRICTED_HS
2023-05-30 22:22:57,884 [WARN] ModelIntegratedComponent:188 - Modes not found for component STMicroelectronics:USB_DEVICE:1.0.0:STMicroelectronics:USB::USB Device:DFU HS::1.0:USB_DEVICE_1_0_RESTRICTED_HS
2023-05-30 22:22:57,884 [WARN] ModelIntegratedComponent:182 - Modes not found for component STMicroelectronics:USB_DEVICE:1.0.0:STMicroelectronics:USB::USB Device:HID HS::1.0:USB_DEVICE_1_0_RESTRICTED_HS
2023-05-30 22:22:57,884 [WARN] ModelIntegratedComponent:188 - Modes not found for component STMicroelectronics:USB_DEVICE:1.0.0:STMicroelectronics:USB::USB Device:HID HS::1.0:USB_DEVICE_1_0_RESTRICTED_HS
2023-05-30 22:22:57,884 [WARN] ModelIntegratedComponent:182 - Modes not found for component STMicroelectronics:USB_DEVICE:1.0.0:STMicroelectronics:USB::USB Device:Custom HID HS::1.0:USB_DEVICE_1_0_RESTRICTED_HS
2023-05-30 22:22:57,884 [WARN] ModelIntegratedComponent:188 - Modes not found for component STMicroelectronics:USB_DEVICE:1.0.0:STMicroelectronics:USB::USB Device:Custom HID HS::1.0:USB_DEVICE_1_0_RESTRICTED_HS
2023-05-30 22:22:57,884 [WARN] ModelIntegratedComponent:182 - Modes not found for component STMicroelectronics:USB_DEVICE:1.0.0:STMicroelectronics:USB::USB Device:MSC HS::1.0:USB_DEVICE_1_0_RESTRICTED_HS
2023-05-30 22:22:57,884 [WARN] ModelIntegratedComponent:188 - Modes not found for component STMicroelectronics:USB_DEVICE:1.0.0:STMicroelectronics:USB::USB Device:MSC HS::1.0:USB_DEVICE_1_0_RESTRICTED_HS
2023-05-30 22:22:57,932 [WARN] ModelIntegratedComponent:182 - Modes not found for component STMicroelectronics:USB_HOST:1.0.0:STMicroelectronics:USB::USB Host:Audio HS::1.0:USB_HOST_1_0_RESTRICTED_HS
2023-05-30 22:22:57,932 [WARN] ModelIntegratedComponent:188 - Modes not found for component STMicroelectronics:USB_HOST:1.0.0:STMicroelectronics:USB::USB Host:Audio HS::1.0:USB_HOST_1_0_RESTRICTED_HS
2023-05-30 22:22:57,932 [WARN] ModelIntegratedComponent:182 - Modes not found for component STMicroelectronics:USB_HOST:1.0.0:STMicroelectronics:USB::USB Host:CDC HS::1.0:USB_HOST_1_0_RESTRICTED_HS
2023-05-30 22:22:57,932 [WARN] ModelIntegratedComponent:188 - Modes not found for component STMicroelectronics:USB_HOST:1.0.0:STMicroelectronics:USB::USB Host:CDC HS::1.0:USB_HOST_1_0_RESTRICTED_HS
2023-05-30 22:22:57,932 [WARN] ModelIntegratedComponent:182 - Modes not found for component STMicroelectronics:USB_HOST:1.0.0:STMicroelectronics:USB::USB Host:MSC HS::1.0:USB_HOST_1_0_RESTRICTED_HS
2023-05-30 22:22:57,932 [WARN] ModelIntegratedComponent:188 - Modes not found for component STMicroelectronics:USB_HOST:1.0.0:STMicroelectronics:USB::USB Host:MSC HS::1.0:USB_HOST_1_0_RESTRICTED_HS
2023-05-30 22:22:57,932 [WARN] ModelIntegratedComponent:182 - Modes not found for component STMicroelectronics:USB_HOST:1.0.0:STMicroelectronics:USB::USB Host:HID HS::1.0:USB_HOST_1_0_RESTRICTED_HS
2023-05-30 22:22:57,932 [WARN] ModelIntegratedComponent:188 - Modes not found for component STMicroelectronics:USB_HOST:1.0.0:STMicroelectronics:USB::USB Host:HID HS::1.0:USB_HOST_1_0_RESTRICTED_HS
2023-05-30 22:22:57,933 [WARN] ModelIntegratedComponent:182 - Modes not found for component STMicroelectronics:USB_HOST:1.0.0:STMicroelectronics:USB::USB Host:MTP HS::1.0:USB_HOST_1_0_RESTRICTED_HS
2023-05-30 22:22:57,933 [WARN] ModelIntegratedComponent:188 - Modes not found for component STMicroelectronics:USB_HOST:1.0.0:STMicroelectronics:USB::USB Host:MTP HS::1.0:USB_HOST_1_0_RESTRICTED_HS
2023-05-30 22:22:58,458 [INFO] ThirdPartyModel:298 - Start build external matchings
2023-05-30 22:22:59,958 [INFO] ThirdPartyModel:316 - End build external matchings
2023-05-30 22:23:00,063 [INFO] ImportTextPane:194 - (OptionalMessage_ERROR) IP (DMA) : Parameter (Instance) has Id (USART2_TX) currently not set
2023-05-30 22:23:00,063 [INFO] ImportTextPane:194 - (OptionalMessage_ERROR) IP (DMA) : Parameter (Channel) has Id (USART2_TX) currently not set
2023-05-30 22:23:00,063 [INFO] ImportTextPane:194 - (OptionalMessage_ERROR) IP (DMA) : Parameter (Direction) has Id (USART2_TX) currently not set
2023-05-30 22:23:00,064 [INFO] ImportTextPane:194 - (OptionalMessage_ERROR) IP (DMA) : Parameter (PeriphInc) has Id (USART2_TX) currently not set
2023-05-30 22:23:00,064 [INFO] ImportTextPane:194 - (OptionalMessage_ERROR) IP (DMA) : Parameter (MemInc) has Id (USART2_TX) currently not set
2023-05-30 22:23:00,064 [INFO] ImportTextPane:194 - (OptionalMessage_ERROR) IP (DMA) : Parameter (PeriphDataAlignment) has Id (USART2_TX) currently not set
2023-05-30 22:23:00,064 [INFO] ImportTextPane:194 - (OptionalMessage_ERROR) IP (DMA) : Parameter (MemDataAlignment) has Id (USART2_TX) currently not set
2023-05-30 22:23:00,064 [INFO] ImportTextPane:194 - (OptionalMessage_ERROR) IP (DMA) : Parameter (Mode) has Id (USART2_TX) currently not set
2023-05-30 22:23:00,064 [INFO] ImportTextPane:194 - (OptionalMessage_ERROR) IP (DMA) : Parameter (Priority) has Id (USART2_TX) currently not set
2023-05-30 22:23:00,064 [INFO] ImportTextPane:194 - (OptionalMessage_ERROR) IP (DMA) : Parameter (FIFOMode) has Id (USART2_TX) currently not set
2023-05-30 22:23:00,065 [INFO] ImportTextPane:194 - (OptionalMessage_ERROR) IP (RCC) : Parameter (48MHZClocksFreq_Value) has invalid value (50000000)
2023-05-30 22:23:00,066 [INFO] ImportTextPane:194 - (OptionalMessage_ERROR) IP (RCC) : Parameter (FLatency) has Id (AdvancedSettings) currently not set
2023-05-30 22:23:00,067 [INFO] ImportTextPane:194 - (OptionalMessage_ERROR) IP (RCC) : Parameter (RTCHSEDivFreq_Value) has invalid value (4000000)
2023-05-30 22:23:00,070 [INFO] ImportTextPane:194 - (OptionalMessage_ERROR) IP (TIM1) : Parameter (Channel) has Id (Input_Capture3_from_TI3) currently not set
2023-05-30 22:23:00,236 [INFO] UtilMem:75 - End LoadConfig() Used Memory: 348361800 Bytes (432013312)
2023-05-30 22:23:00,325 [INFO] ApiDb:581 - Connected to CubeFinder SQLite database (C:\Users\LENOVO\.stmcufinder\plugins\mcufinder\mcu\cube-finder-db.db)
2023-05-30 22:23:00,388 [INFO] ApiDb:668 - CubeFinder database Data Model version=2.1
2023-05-30 22:23:00,388 [INFO] ApiDb:669 - CubeFinder database Configuration version=3.0.35
2023-05-30 22:23:00,388 [INFO] ApiDb:670 - CubeFinder database generation date=2023-05-12 (1683877179)
2023-05-30 22:23:00,388 [INFO] ApiDb:671 - CubeFinder database FW Pack versions=[FP-ATR-ASTRA1_V2.0.0, FP-SNS-FLIGHT1_V5.0.0, FP-SNS-MOTENV1_V4.3.0, STM32Cube_FW_C0_V1.0.1, STM32Cube_FW_F0_V1.11.4, STM32Cube_FW_F3_V1.11.4, STM32Cube_FW_F4_V1.27.1, STM32Cube_FW_F7_V1.17.0, STM32Cube_FW_G0_V1.6.1, STM32Cube_FW_G4_V1.5.1, STM32Cube_FW_H5_V0.5.1, STM32Cube_FW_H5_V1.0.0, STM32Cube_FW_H7_V1.11.0, STM32Cube_FW_L0_V1.12.2, STM32Cube_FW_L5_V1.5.0, STM32Cube_FW_U5_V1.2.0, STM32Cube_FW_WBA_V1.0.0, STM32Cube_FW_WBA_V1.0.0RC1, STM32Cube_FW_WBA_V1.0.0RC3, STM32Cube_FW_WB_V1.15.0RC1, STM32Cube_FW_WB_V1.16.0, STM32Cube_FW_WB_V1.16.0RC2, STM32Cube_FW_WL_V1.3.0, X-CUBE-ALGOBUILD_V1.3.0, X-CUBE-ALS_V1.0.1, X-CUBE-AZRTOS-F4_V1.1.0, X-CUBE-AZRTOS-F7_V1.1.0, X-CUBE-AZRTOS-G0_V1.1.0, X-CUBE-AZRTOS-G4_V2.0.0, X-CUBE-AZRTOS-H7_V3.1.0, X-CUBE-AZRTOS-L4_V1.0.0, X-CUBE-AZRTOS-L5_V1.1.0, X-CUBE-AZRTOS-WB_V1.1.0, X-CUBE-AZRTOS-WL_V1.0.0, X-CUBE-BLE1_V6.2.4, X-CUBE-BLE2_V3.3.0, X-CUBE-BLEMGR_V2.0.0, X-CUBE-EEPRMA1_V4.1.0, X-CUBE-FREERTOS_V1.0.1, X-CUBE-GNSS1_V6.0.0, X-CUBE-MEMS1_V9.1.0, X-CUBE-MEMS1_V9.4.0, X-CUBE-MEMS1_V9.6.0, X-CUBE-NFC4_V3.0.0, X-CUBE-NFC7_V1.0.0, X-CUBE-SFXS2LP1_V4.0.0, X-CUBE-SUBG2_V5.0.0]
2023-05-30 22:23:02,060 [INFO] ApiDb:240 - Found 297 in-development CPN: [B-G473E-ZEST1S, B-WB1M-WPAN1, B-WL5M-SUBG1, NUCLEO-C031C6, NUCLEO-H503RB, NUCLEO-H563ZI, NUCLEO-U545RE-Q, NUCLEO-U5A5ZJ-Q, NUCLEO-WBA52CG, STEVAL-PROTEUS1, STEVAL-STWINBX1, STM320518-EVAL, STM32C0116-DK, STM32C011D6Y3TR, STM32C011D6Y6TR, STM32C011F4P3, STM32C011F4P6, STM32C011F4U3, STM32C011F4U6TR, STM32C011F6P3, STM32C011F6P6, STM32C011F6U3, STM32C011F6U6TR, STM32C011J4M3, STM32C011J4M6, STM32C011J6M3, STM32C011J6M6, STM32C0316-DK, STM32C031C4T3, STM32C031C4T6, STM32C031C4U3, STM32C031C4U6, STM32C031C6T3, STM32C031C6T6, STM32C031C6U3, STM32C031C6U6, STM32C031F4P3, STM32C031F4P6, STM32C031F6P3, STM32C031F6P6, STM32C031G4U3, STM32C031G4U6, STM32C031G6U3, STM32C031G6U6, STM32C031K4T3, STM32C031K4T6, STM32C031K4U3, STM32C031K4U6, STM32C031K6T3, STM32C031K6T6, STM32C031K6U3, STM32C031K6U6, STM32G071K8TXN, STM32G071K8UXN, STM32G081GBU6N, STM32G081KBT6N, STM32G081KBUXN, STM32G0B1CCT6N, STM32G0B1KCT6, STM32G0B1NEY6TR, STM32G0B1RCT6N, STM32G0C1CCT6, STM32G0C1CCT6N, STM32G0C1CCU6N, STM32G0C1CET6N, STM32G0C1CEU6N, STM32G0C1KCT6, STM32G0C1NEY6TR, STM32G0C1RCI6N, STM32G0C1RCT6N, STM32G0C1REI6N, STM32G0C1RET6N, STM32G0C1VCI6, STM32G0C1VEI6, STM32G471CCT6, STM32G471CCU6, STM32G471CET3, STM32G471CET6, STM32G471CEU3, STM32G471CEU6, STM32G471MCT6, STM32G471MET3, STM32G471MET6, STM32G471MEY6TR, STM32G471QCT6, STM32G471QET3, STM32G471RCT6, STM32G471RET3, STM32G471RET6, STM32G471VCH6, STM32G471VCI6, STM32G471VCT6, STM32G471VEH3, STM32G471VEH6, STM32G471VEI3, STM32G471VEI6, STM32G471VET3, STM32G471VET6, STM32G474CCT6, STM32H503CBT6, STM32H503CBU6, STM32H503EBY6TR, STM32H503KBU6, STM32H503RBT6, STM32H562AGI6, STM32H562AII6, STM32H562IGK6, STM32H562IGT6, STM32H562IIK6, STM32H562IIT6, STM32H562RGT6, STM32H562RGV6, STM32H562RIT6, STM32H562RIV6, STM32H562VGT6, STM32H562VIT6, STM32H562ZGT6, STM32H562ZIT6, STM32H563AGI6, STM32H563AII3Q, STM32H563AII6, STM32H563IGK6, STM32H563IGT6, STM32H563IIK3Q, STM32H563IIK6, STM32H563IIT3Q, STM32H563IIT6, STM32H563MIY3QTR, STM32H563RGT6, STM32H563RGV6, STM32H563RIT6, STM32H563RIV6, STM32H563VGT6, STM32H563VIT3Q, STM32H563VIT6, STM32H563ZGT6, STM32H563ZIT3Q, STM32H563ZIT6, STM32H573AII3Q, STM32H573AII6, STM32H573I-DK, STM32H573IIK3Q, STM32H573IIK6, STM32H573IIT3Q, STM32H573IIT6, STM32H573MIY3QTR, STM32H573RIT6, STM32H573RIV6, STM32H573VIT3Q, STM32H573VIT6, STM32H573ZIT3Q, STM32H573ZIT6, STM32L4R5QGI6STR, STM32MP131AAE3, STM32MP131AAF3, STM32MP131AAG3, STM32MP131CAE3, STM32MP131CAF3, STM32MP131CAG3, STM32MP131DAE7, STM32MP131DAF7, STM32MP131DAG7, STM32MP131FAE7, STM32MP131FAF7, STM32MP131FAG7, STM32MP133AAE3, STM32MP133AAF3, STM32MP133AAG3, STM32MP133CAE3, STM32MP133CAF3, STM32MP133CAG3, STM32MP133DAE7, STM32MP133DAF7, STM32MP133DAG7, STM32MP133FAE7, STM32MP133FAF7, STM32MP133FAG7, STM32MP135AAE3, STM32MP135AAF3, STM32MP135AAG3, STM32MP135CAE3, STM32MP135CAF3, STM32MP135CAG3, STM32MP135DAE7, STM32MP135DAF7, STM32MP135DAG7, STM32MP135F-DK, STM32MP135FAE7, STM32MP135FAF7, STM32MP135FAF7T, STM32MP135FAF7U, STM32MP135FAG7, STM32U535CBT6, STM32U535CBT6Q, STM32U535CBU6, STM32U535CBU6Q, STM32U535CCT6, STM32U535CCT6Q, STM32U535CCU6, STM32U535CCU6Q, STM32U535CET6, STM32U535CET6Q, STM32U535CEU6, STM32U535CEU6Q, STM32U535JEY6QTR, STM32U535NCY6QTR, STM32U535NEY6QTR, STM32U535RBI6, STM32U535RBI6Q, STM32U535RBT6, STM32U535RBT6Q, STM32U535RCI6, STM32U535RCI6Q, STM32U535RCT6, STM32U535RCT6Q, STM32U535REI6, STM32U535REI6Q, STM32U535RET6, STM32U535RET6Q, STM32U535VCI6, STM32U535VCI6Q, STM32U535VCT6, STM32U535VCT6Q, STM32U535VEI6, STM32U535VEI6Q, STM32U535VET6, STM32U535VET6Q, STM32U545CET6, STM32U545CET6Q, STM32U545CEU6, STM32U545CEU6Q, STM32U545JEY6QTR, STM32U545NEY6QTR, STM32U545REI6, STM32U545REI6Q, STM32U545RET6, STM32U545RET6Q, STM32U545VEI6, STM32U545VEI6Q, STM32U545VET6, STM32U545VET6Q, STM32U595AIH6, STM32U595AIH6Q, STM32U595AJH6, STM32U595AJH6Q, STM32U595QII6, STM32U595QII6Q, STM32U595QJI6, STM32U595QJI6Q, STM32U595RIT6, STM32U595RIT6Q, STM32U595RJT6, STM32U595RJT6Q, STM32U595VIT6, STM32U595VIT6Q, STM32U595VJT6, STM32U595VJT6Q, STM32U595ZIT6, STM32U595ZIT6Q, STM32U595ZIY6QTR, STM32U595ZJT6, STM32U595ZJT6Q, STM32U595ZJY6QTR, STM32U599BJY6QTR, STM32U599NIH6Q, STM32U599NJH6Q, STM32U599VIT6Q, STM32U599VJT6, STM32U599VJT6Q, STM32U599ZIT6Q, STM32U599ZIY6QTR, STM32U599ZJT6Q, STM32U599ZJY6QTR, STM32U5A5AJH6, STM32U5A5AJH6Q, STM32U5A5QJI6, STM32U5A5QJI6Q, STM32U5A5RJT6, STM32U5A5RJT6Q, STM32U5A5VJT6, STM32U5A5VJT6Q, STM32U5A5ZJT6, STM32U5A5ZJT6Q, STM32U5A5ZJY6QTR, STM32U5A9BJY6QTR, STM32U5A9J-DK, STM32U5A9NJH6Q, STM32U5A9VJT6Q, STM32U5A9ZJT6Q, STM32U5A9ZJY6QTR, STM32WB1MMCH6, STM32WBA52CEU6, STM32WBA52CEU6T, STM32WBA52CGU6, STM32WBA52CGU6T, STM32WL5MOCH6, STM32WL5MOCH6TR]
2023-05-30 22:23:02,062 [INFO] DbMcus:216 - Found 3775 MCUs, 3775 are supported
2023-05-30 22:23:02,063 [INFO] ApiDb:423 - Load user favorites file C:\Users\LENOVO/.stm32cubeide/favorites.mcus.txt: 0 item(s)
2023-05-30 22:23:02,064 [INFO] ApiDb:427 - User favorites MCUs=[]
2023-05-30 22:23:02,064 [INFO] DbMcus:222 - Set 0 / 0 favorites MCUs
2023-05-30 22:23:02,299 [WARN] ThirdParty:833 - waiting for thirdparty lock release [change project]
2023-05-30 22:23:02,299 [INFO] ThirdParty:835 - entering critical section [change project]
2023-05-30 22:23:02,299 [INFO] ThirdParty:1030 - CMSIS Pack Vendor :STMicroelectronics X-CUBE-GNSS1 6.0.0
2023-05-30 22:23:02,299 [INFO] ThirdParty:1030 - CMSIS Pack Vendor :STMicroelectronics USB_HOST 2.0.0
2023-05-30 22:23:02,299 [INFO] ThirdParty:1030 - CMSIS Pack Vendor :STMicroelectronics X-CUBE-AZRTOS-F4 1.1.0
2023-05-30 22:23:02,299 [INFO] ThirdParty:1030 - CMSIS Pack Vendor :STMicroelectronics LIBJPEG 8.0.0
2023-05-30 22:23:02,299 [INFO] ThirdParty:1030 - CMSIS Pack Vendor :STMicroelectronics X-CUBE-SMBUS 2.1.0
2023-05-30 22:23:02,299 [INFO] ThirdParty:1030 - CMSIS Pack Vendor :STMicroelectronics X-CUBE-MEMS1 9.2.0
2023-05-30 22:23:02,299 [INFO] ThirdParty:1030 - CMSIS Pack Vendor :STMicroelectronics X-CUBE-BLEMGR 1.2.0
2023-05-30 22:23:02,299 [INFO] ThirdParty:1030 - CMSIS Pack Vendor :STMicroelectronics X-CUBE-AZRTOS-F7 1.1.0
2023-05-30 22:23:02,299 [INFO] ThirdParty:1030 - CMSIS Pack Vendor :STMicroelectronics USB_DEVICE 2.0.0
2023-05-30 22:23:02,299 [INFO] ThirdParty:1030 - CMSIS Pack Vendor :STMicroelectronics X-CUBE-MEMS1 9.6.0
2023-05-30 22:23:02,299 [INFO] ThirdParty:1030 - CMSIS Pack Vendor :STMicroelectronics X-CUBE-AI 7.1.0
2023-05-30 22:23:02,299 [INFO] ThirdParty:1030 - CMSIS Pack Vendor :STMicroelectronics X-CUBE-TOUCHGFX 4.19.1
2023-05-30 22:23:02,299 [INFO] ThirdParty:1030 - CMSIS Pack Vendor :STMicroelectronics FP-SNS-MOTENV1 4.3.0
2023-05-30 22:23:02,299 [INFO] ThirdParty:1030 - CMSIS Pack Vendor :STMicroelectronics FP-SNS-FLIGHT1 5.0.0
2023-05-30 22:23:02,299 [INFO] ThirdParty:1030 - CMSIS Pack Vendor :STMicroelectronics FP-SNS-MOTENV1 4.3.1
2023-05-30 22:23:02,300 [INFO] ThirdParty:1030 - CMSIS Pack Vendor :STMicroelectronics FP-SNS-FLIGHT1 5.0.1
2023-05-30 22:23:02,300 [INFO] ThirdParty:1030 - CMSIS Pack Vendor :STMicroelectronics X-CUBE-BLE1 6.2.3
2023-05-30 22:23:02,300 [INFO] ThirdParty:1030 - CMSIS Pack Vendor :STMicroelectronics X-CUBE-EEPRMA1 3.0.0
2023-05-30 22:23:02,300 [INFO] ThirdParty:1030 - CMSIS Pack Vendor :STMicroelectronics X-CUBE-BLE1 6.2.4
2023-05-30 22:23:02,300 [INFO] ThirdParty:1030 - CMSIS Pack Vendor :STMicroelectronics FreeRTOS 0.0.1
2023-05-30 22:23:02,300 [INFO] ThirdParty:1030 - CMSIS Pack Vendor :STMicroelectronics X-CUBE-BLEMGR 2.0.0
2023-05-30 22:23:02,300 [INFO] ThirdParty:1030 - CMSIS Pack Vendor :STMicroelectronics X-CUBE-BLE1 6.2.2
2023-05-30 22:23:02,300 [INFO] ThirdParty:1030 - CMSIS Pack Vendor :STMicroelectronics X-CUBE-NFC4 2.0.5
2023-05-30 22:23:02,300 [INFO] ThirdParty:1030 - CMSIS Pack Vendor :STMicroelectronics X-CUBE-NFC4 2.0.4
2023-05-30 22:23:02,300 [INFO] ThirdParty:1030 - CMSIS Pack Vendor :STMicroelectronics X-CUBE-BLE2 3.2.2
2023-05-30 22:23:02,300 [INFO] ThirdParty:1030 - CMSIS Pack Vendor :STMicroelectronics X-CUBE-NFC4 2.0.2
2023-05-30 22:23:02,300 [INFO] ThirdParty:1030 - CMSIS Pack Vendor :STMicroelectronics X-CUBE-AZRTOS-H7 3.1.0
2023-05-30 22:23:02,300 [INFO] ThirdParty:1030 - CMSIS Pack Vendor :STMicroelectronics PDM2PCM 3.3.0
2023-05-30 22:23:02,300 [INFO] ThirdParty:1030 - CMSIS Pack Vendor :STMicroelectronics X-CUBE-TOF1 3.1.0
2023-05-30 22:23:02,300 [INFO] ThirdParty:1030 - CMSIS Pack Vendor :STMicroelectronics X-CUBE-BLE2 3.2.0
2023-05-30 22:23:02,300 [INFO] ThirdParty:1030 - CMSIS Pack Vendor :STMicroelectronics X-CUBE-SFXS2LP1 3.1.0
2023-05-30 22:23:02,300 [INFO] ThirdParty:1030 - CMSIS Pack Vendor :STMicroelectronics X-CUBE-DISPLAY 3.0.0
2023-05-30 22:23:02,300 [INFO] ThirdParty:1030 - CMSIS Pack Vendor :STMicroelectronics X-CUBE-AZRTOS-F4 1.0.0
2023-05-30 22:23:02,300 [INFO] ThirdParty:1030 - CMSIS Pack Vendor :wolfSSL I-CUBE-wolfSSL 5.5.0
2023-05-30 22:23:02,300 [INFO] ThirdParty:1030 - CMSIS Pack Vendor :STMicroelectronics HAL Drivers 0.0.0
2023-05-30 22:23:02,300 [INFO] ThirdParty:1030 - CMSIS Pack Vendor :STMicroelectronics MBEDTLS 2.14.1
2023-05-30 22:23:02,300 [INFO] ThirdParty:1030 - CMSIS Pack Vendor :STMicroelectronics X-CUBE-NFC7 1.0.0
2023-05-30 22:23:02,300 [INFO] ThirdParty:1030 - CMSIS Pack Vendor :STMicroelectronics X-CUBE-AZRTOS-H7 1.0.0
2023-05-30 22:23:02,300 [INFO] ThirdParty:1030 - CMSIS Pack Vendor :STMicroelectronics X-CUBE-MEMS1 9.3.0
2023-05-30 22:23:02,300 [INFO] ThirdParty:1030 - CMSIS Pack Vendor :STMicroelectronics X-CUBE-EEPRMA1 4.1.0
2023-05-30 22:23:02,300 [INFO] ThirdParty:1030 - CMSIS Pack Vendor :STMicroelectronics X-CUBE-AI 7.2.0
2023-05-30 22:23:02,300 [INFO] ThirdParty:1030 - CMSIS Pack Vendor :ARM CMSIS 5.6.0
2023-05-30 22:23:02,300 [INFO] ThirdParty:1030 - CMSIS Pack Vendor :STMicroelectronics X-CUBE-DISPLAY 1.0.0
2023-05-30 22:23:02,300 [INFO] ThirdParty:1030 - CMSIS Pack Vendor :STMicroelectronics USB_DEVICE 1.0.0
2023-05-30 22:23:02,300 [INFO] ThirdParty:1030 - CMSIS Pack Vendor :STMicroelectronics X-CUBE-AI 6.0.0
2023-05-30 22:23:02,300 [INFO] ThirdParty:1030 - CMSIS Pack Vendor :STMicroelectronics X-CUBE-AZRTOS-G0 1.0.0
2023-05-30 22:23:02,301 [INFO] ThirdParty:1030 - CMSIS Pack Vendor :STMicroelectronics X-CUBE-ALGOBUILD 1.2.0
2023-05-30 22:23:02,301 [INFO] ThirdParty:1030 - CMSIS Pack Vendor :STMicroelectronics X-CUBE-AZRTOS-L4 2.0.0
2023-05-30 22:23:02,301 [INFO] ThirdParty:1030 - CMSIS Pack Vendor :STMicroelectronics ThreadX 0.0.2
2023-05-30 22:23:02,301 [INFO] ThirdParty:1030 - CMSIS Pack Vendor :WES I-CUBE-Cesium 1.3.0
2023-05-30 22:23:02,301 [INFO] ThirdParty:1030 - CMSIS Pack Vendor :STMicroelectronics X-CUBE-BLE1 6.1.0
2023-05-30 22:23:02,301 [INFO] ThirdParty:1030 - CMSIS Pack Vendor :STMicroelectronics lwIP 2.1.2
2023-05-30 22:23:02,301 [INFO] ThirdParty:1030 - CMSIS Pack Vendor :STMicroelectronics X-CUBE-SFXS2LP1 4.0.0
2023-05-30 22:23:02,301 [INFO] ThirdParty:1030 - CMSIS Pack Vendor :STMicroelectronics X-CUBE-BLE2 3.3.0
2023-05-30 22:23:02,301 [INFO] ThirdParty:1030 - CMSIS Pack Vendor :STMicroelectronics X-CUBE-DISPLAY 2.2.0
2023-05-30 22:23:02,301 [INFO] ThirdParty:1030 - CMSIS Pack Vendor :wolfSSL I-CUBE-wolfSSL 4.7.0
2023-05-30 22:23:02,301 [INFO] ThirdParty:1030 - CMSIS Pack Vendor :STMicroelectronics X-CUBE-TOF1 3.2.0
2023-05-30 22:23:02,301 [INFO] ThirdParty:1030 - CMSIS Pack Vendor :STMicroelectronics PDM2PCM 3.2.0
2023-05-30 22:23:02,301 [INFO] ThirdParty:1030 - CMSIS Pack Vendor :STMicroelectronics X-CUBE-AZRTOS-H7 3.0.0
2023-05-30 22:23:02,301 [INFO] ThirdParty:1030 - CMSIS Pack Vendor :STMicroelectronics X-CUBE-ISPU 1.0.0
2023-05-30 22:23:02,301 [INFO] ThirdParty:1030 - CMSIS Pack Vendor :STMicroelectronics X-CUBE-ISPU 1.1.0
2023-05-30 22:23:02,301 [INFO] ThirdParty:1030 - CMSIS Pack Vendor :RoweBots I-CUBE-UNISONRTOS 5.5.0-4
2023-05-30 22:23:02,301 [INFO] ThirdParty:1030 - CMSIS Pack Vendor :STMicroelectronics X-CUBE-SFXS2LP1 3.0.0
2023-05-30 22:23:02,301 [INFO] ThirdParty:1030 - CMSIS Pack Vendor :STMicroelectronics X-CUBE-AZRTOS-H7 2.1.0
2023-05-30 22:23:02,301 [INFO] ThirdParty:1030 - CMSIS Pack Vendor :STMicroelectronics USB_DEVICE 3.0.0
2023-05-30 22:23:02,301 [INFO] ThirdParty:1030 - CMSIS Pack Vendor :STMicroelectronics X-CUBE-AI 8.0.0
2023-05-30 22:23:02,301 [INFO] ThirdParty:1030 - CMSIS Pack Vendor :STMicroelectronics X-CUBE-FREERTOS 1.0.0
2023-05-30 22:23:02,301 [INFO] ThirdParty:1030 - CMSIS Pack Vendor :STMicroelectronics X-CUBE-FREERTOS 1.0.1
2023-05-30 22:23:02,301 [INFO] ThirdParty:1030 - CMSIS Pack Vendor :STMicroelectronics X-CUBE-TOUCHGFX 4.21.1
2023-05-30 22:23:02,301 [INFO] ThirdParty:1030 - CMSIS Pack Vendor :STMicroelectronics X-CUBE-TOUCHGFX 4.21.0
2023-05-30 22:23:02,301 [INFO] ThirdParty:1030 - CMSIS Pack Vendor :STMicroelectronics X-CUBE-TOUCHGFX 4.21.3
2023-05-30 22:23:02,301 [INFO] ThirdParty:1030 - CMSIS Pack Vendor :STMicroelectronics X-CUBE-BLEMGR 1.0.0
2023-05-30 22:23:02,301 [INFO] ThirdParty:1030 - CMSIS Pack Vendor :STMicroelectronics X-CUBE-TOUCHGFX 4.21.4
2023-05-30 22:23:02,301 [INFO] ThirdParty:1030 - CMSIS Pack Vendor :STMicroelectronics X-CUBE-MEMS1 9.4.0
2023-05-30 22:23:02,301 [INFO] ThirdParty:1030 - CMSIS Pack Vendor :STMicroelectronics X-CUBE-AI 7.3.0
2023-05-30 22:23:02,301 [INFO] ThirdParty:1030 - CMSIS Pack Vendor :STMicroelectronics X-CUBE-ALGOBUILD 1.3.0
2023-05-30 22:23:02,301 [INFO] ThirdParty:1030 - CMSIS Pack Vendor :STMicroelectronics X-CUBE-AZRTOS-L5 1.1.0
2023-05-30 22:23:02,301 [INFO] ThirdParty:1030 - CMSIS Pack Vendor :STMicroelectronics X-CUBE-AZRTOS-G0 1.1.0
2023-05-30 22:23:02,301 [INFO] ThirdParty:1030 - CMSIS Pack Vendor :STMicroelectronics X-CUBE-AI 8.0.1
2023-05-30 22:23:02,302 [INFO] ThirdParty:1030 - CMSIS Pack Vendor :STMicroelectronics X-CUBE-SUBG2 5.0.0
2023-05-30 22:23:02,302 [INFO] ThirdParty:1030 - CMSIS Pack Vendor :STMicroelectronics X-CUBE-NFC4 3.0.0
2023-05-30 22:23:02,302 [INFO] ThirdParty:1030 - CMSIS Pack Vendor :SEGGER I-CUBE-embOS 1.2.0
2023-05-30 22:23:02,302 [INFO] ThirdParty:1030 - CMSIS Pack Vendor :STMicroelectronics STM32_WPAN 1.0.0
2023-05-30 22:23:02,302 [INFO] ThirdParty:1030 - CMSIS Pack Vendor :STMicroelectronics lwIP 2.0.3
2023-05-30 22:23:02,302 [INFO] ThirdParty:1030 - CMSIS Pack Vendor :STMicroelectronics USB_HOST 1.0.0
2023-05-30 22:23:02,302 [INFO] ThirdParty:1030 - CMSIS Pack Vendor :STMicroelectronics X-CUBE-AZRTOS-G4 2.0.0
2023-05-30 22:23:02,302 [INFO] ThirdParty:1030 - CMSIS Pack Vendor :STMicroelectronics PDM2PCM 3.1.0
2023-05-30 22:23:02,302 [INFO] ThirdParty:1030 - CMSIS Pack Vendor :STMicroelectronics X-CUBE-TOF1 3.3.0
2023-05-30 22:23:02,302 [INFO] ThirdParty:1030 - CMSIS Pack Vendor :STMicroelectronics FP-ATR-ASTRA1 1.1.1
2023-05-30 22:23:02,302 [INFO] ThirdParty:1030 - CMSIS Pack Vendor :STMicroelectronics X-CUBE-BLEMGR 1.3.0
2023-05-30 22:23:02,302 [INFO] ThirdParty:1030 - CMSIS Pack Vendor :STMicroelectronics X-CUBE-AZRTOS-G4 1.0.0
2023-05-30 22:23:02,302 [INFO] ThirdParty:1030 - CMSIS Pack Vendor :STMicroelectronics FP-ATR-SIGFOX1 3.2.0
2023-05-30 22:23:02,302 [INFO] ThirdParty:1030 - CMSIS Pack Vendor :STMicroelectronics X-CUBE-AZRTOS-L4 1.0.0
2023-05-30 22:23:02,302 [INFO] ThirdParty:1030 - CMSIS Pack Vendor :STMicroelectronics MBEDTLS 2.16.2
2023-05-30 22:23:02,302 [INFO] ThirdParty:1030 - CMSIS Pack Vendor :emotas I-CUBE-CANOPEN 1.1.2
2023-05-30 22:23:02,302 [INFO] ThirdParty:1030 - CMSIS Pack Vendor :STMicroelectronics X-CUBE-TOUCHGFX 4.20.0
2023-05-30 22:23:02,302 [INFO] ThirdParty:1030 - CMSIS Pack Vendor :STMicroelectronics X-CUBE-AZRTOS-F7 1.0.0
2023-05-30 22:23:02,302 [INFO] ThirdParty:1030 - CMSIS Pack Vendor :STMicroelectronics X-CUBE-SUBG2 4.0.0
2023-05-30 22:23:02,302 [INFO] ThirdParty:1030 - CMSIS Pack Vendor :STMicroelectronics X-CUBE-AZRTOS-WL 1.0.0
2023-05-30 22:23:02,302 [INFO] ThirdParty:1030 - CMSIS Pack Vendor :STMicroelectronics X-CUBE-TOF1 1.0.0
2023-05-30 22:23:02,302 [INFO] ThirdParty:1030 - CMSIS Pack Vendor :portGmbH I-Cube-SoM-uGOAL 1.1.0
2023-05-30 22:23:02,302 [INFO] ThirdParty:1030 - CMSIS Pack Vendor :STMicroelectronics X-CUBE-ALS 1.0.1
2023-05-30 22:23:02,302 [INFO] ThirdParty:1030 - CMSIS Pack Vendor :STMicroelectronics X-CUBE-MEMS1 9.5.0
2023-05-30 22:23:02,302 [INFO] ThirdParty:1030 - CMSIS Pack Vendor :STMicroelectronics X-CUBE-AI 7.0.0
2023-05-30 22:23:02,302 [INFO] ThirdParty:1030 - CMSIS Pack Vendor :STMicroelectronics ThreadX 1.0.0
2023-05-30 22:23:02,302 [INFO] ThirdParty:1030 - CMSIS Pack Vendor :STMicroelectronics X-CUBE-AZRTOS-WB 1.1.0
2023-05-30 22:23:02,302 [INFO] ThirdParty:1030 - CMSIS Pack Vendor :SEGGER I-CUBE-embOS 1.3.1
2023-05-30 22:23:02,302 [INFO] ThirdParty:1030 - CMSIS Pack Vendor :STMicroelectronics X-CUBE-MEMS1 8.3.0
2023-05-30 22:23:02,303 [INFO] ThirdParty:1030 - CMSIS Pack Vendor :STMicroelectronics X-CUBE-AZRTOS-L5 1.0.0
2023-05-30 22:23:02,303 [INFO] ThirdParty:1030 - CMSIS Pack Vendor :STMicroelectronics X-CUBE-EEPRMA1 3.1.1
2023-05-30 22:23:02,303 [INFO] ThirdParty:1030 - CMSIS Pack Vendor :STMicroelectronics X-CUBE-GNSS1 5.2.0
2023-05-30 22:23:02,303 [INFO] ThirdParty:1030 - CMSIS Pack Vendor :STMicroelectronics FP-ATR-ASTRA1 2.0.0
2023-05-30 22:23:02,303 [INFO] ThirdParty:1030 - CMSIS Pack Vendor :STMicroelectronics X-CUBE-TOUCHGFX 4.16.1
2023-05-30 22:23:02,303 [INFO] ThirdParty:1030 - CMSIS Pack Vendor :STMicroelectronics X-CUBE-TOF1 3.0.0
2023-05-30 22:23:02,303 [INFO] ThirdParty:841 - exiting critical section [change project]
2023-05-30 22:23:02,463 [INFO] PinOutPanel:1499 - setPackage(No Configuration,No Configuration)
2023-05-30 22:23:02,465 [INFO] PinOutPanel:1499 - setPackage(STM32F411RETx,LQFP64)
2023-05-30 22:23:02,898 [INFO] UtilMem:75 - Before build in PCC Used Memory: 258144464 Bytes (432013312)
2023-05-30 22:23:03,546 [INFO] UtilMem:75 - After build in PCC Used Memory: 328230088 Bytes (432013312)
2023-05-30 22:23:03,569 [INFO] IPUIPlugin:80 - create IPUIPlugin
2023-05-30 22:23:03,569 [INFO] IPUIPlugin:80 - create IPUIPlugin
2023-05-30 22:23:03,569 [INFO] IPUIPlugin:80 - create IPUIPlugin
2023-05-30 22:23:03,569 [INFO] IPUIPlugin:80 - create IPUIPlugin
2023-05-30 22:23:03,569 [INFO] IPUIPlugin:80 - create IPUIPlugin
2023-05-30 22:23:03,570 [INFO] IPUIPlugin:80 - create IPUIPlugin
2023-05-30 22:23:03,570 [INFO] IPUIPlugin:80 - create IPUIPlugin
2023-05-30 22:23:03,570 [INFO] IPUIPlugin:80 - create IPUIPlugin
2023-05-30 22:23:03,570 [INFO] IPUIPlugin:80 - create IPUIPlugin
2023-05-30 22:23:03,570 [INFO] IPUIPlugin:80 - create IPUIPlugin
2023-05-30 22:23:03,570 [INFO] IPUIPlugin:80 - create IPUIPlugin
2023-05-30 22:23:03,570 [INFO] IPUIPlugin:80 - create IPUIPlugin
2023-05-30 22:23:03,570 [INFO] IPUIPlugin:80 - create IPUIPlugin
2023-05-30 22:23:03,570 [INFO] IPUIPlugin:80 - create IPUIPlugin
2023-05-30 22:23:03,571 [INFO] IPUIPlugin:80 - create IPUIPlugin
2023-05-30 22:23:03,571 [INFO] IPUIPlugin:80 - create IPUIPlugin
2023-05-30 22:23:03,571 [INFO] IPUIPlugin:80 - create IPUIPlugin
2023-05-30 22:23:03,571 [INFO] IPUIPlugin:80 - create IPUIPlugin
2023-05-30 22:23:03,571 [INFO] IPUIPlugin:80 - create IPUIPlugin
2023-05-30 22:23:03,571 [INFO] IPUIPlugin:80 - create IPUIPlugin
2023-05-30 22:23:03,572 [INFO] IPUIPlugin:80 - create IPUIPlugin
2023-05-30 22:23:03,572 [INFO] IPUIPlugin:80 - create IPUIPlugin
2023-05-30 22:23:03,572 [INFO] IPUIPlugin:80 - create IPUIPlugin
2023-05-30 22:23:03,572 [INFO] IPUIPlugin:80 - create IPUIPlugin
2023-05-30 22:23:03,572 [INFO] IPUIPlugin:80 - create IPUIPlugin
2023-05-30 22:23:03,573 [INFO] IPUIPlugin:80 - create IPUIPlugin
2023-05-30 22:23:03,573 [INFO] IPUIPlugin:80 - create IPUIPlugin
2023-05-30 22:23:03,573 [INFO] IPUIPlugin:80 - create IPUIPlugin
2023-05-30 22:23:03,573 [INFO] IPUIPlugin:80 - create IPUIPlugin
2023-05-30 22:23:03,573 [INFO] IPUIPlugin:80 - create IPUIPlugin
2023-05-30 22:23:03,574 [INFO] IPUIPlugin:80 - create IPUIPlugin
2023-05-30 22:23:03,574 [INFO] IPUIPlugin:80 - create IPUIPlugin
2023-05-30 22:23:03,574 [INFO] IPUIPlugin:80 - create IPUIPlugin
2023-05-30 22:23:03,574 [INFO] IPUIPlugin:80 - create IPUIPlugin
2023-05-30 22:23:03,574 [INFO] IPUIPlugin:80 - create IPUIPlugin
2023-05-30 22:23:03,574 [INFO] IPUIPlugin:80 - create IPUIPlugin
2023-05-30 22:23:03,575 [INFO] IPUIPlugin:80 - create IPUIPlugin
2023-05-30 22:23:03,575 [INFO] IPUIPlugin:80 - create IPUIPlugin
2023-05-30 22:23:03,575 [INFO] IPUIPlugin:80 - create IPUIPlugin
2023-05-30 22:23:03,575 [INFO] IPUIPlugin:80 - create IPUIPlugin
2023-05-30 22:23:03,575 [INFO] IPUIPlugin:80 - create IPUIPlugin
2023-05-30 22:23:03,575 [INFO] IPUIPlugin:80 - create IPUIPlugin
2023-05-30 22:23:03,576 [INFO] IPUIPlugin:80 - create IPUIPlugin
2023-05-30 22:23:03,576 [INFO] IPUIPlugin:80 - create IPUIPlugin
2023-05-30 22:23:03,597 [INFO] ApiDbMcu:507 - Load IP Config File for PDM2PCM
2023-05-30 22:23:03,610 [WARN] IP:2113 - I2C_Coeff_DF not found: check if there is a RefParameter without a condition.
2023-05-30 22:23:03,610 [WARN] IP:2113 - Analog_Filter not found: check if there is a RefParameter without a condition.
2023-05-30 22:23:03,763 [INFO] CADModel:165 - CPN selected for project levelSTM32F411RET6
2023-05-30 22:23:03,763 [INFO] CADModel:114 - Register for checkConnection events
2023-05-30 22:23:03,819 [INFO] OpenFileManager:328 - Restore cursor
2023-05-30 22:23:03,986 [WARN] IP:2113 - I2C_Coeff_DF not found: check if there is a RefParameter without a condition.
2023-05-30 22:23:03,986 [WARN] IP:2113 - Analog_Filter not found: check if there is a RefParameter without a condition.
2023-05-30 22:23:03,986 [WARN] IP:2113 - I2C_Coeff_DF not found: check if there is a RefParameter without a condition.
2023-05-30 22:23:03,986 [WARN] IP:2113 - Analog_Filter not found: check if there is a RefParameter without a condition.
2023-05-30 22:23:43,747 [INFO] NvicIntPanel:101 - NVIC parent = com.st.microxplorer.plugins.ip.nvic.MultiNvicIntPanel[,0,0,0x0,invalid,layout=javax.swing.BoxLayout,alignmentX=0.0,alignmentY=0.0,border=,flags=9,maximumSize=,minimumSize=,preferredSize=]
2023-05-30 22:23:48,115 [INFO] NvicIntPanel:101 - NVIC parent = com.st.microxplorer.plugins.ip.nvic.MultiNvicIntPanel[,0,0,0x0,invalid,layout=javax.swing.BoxLayout,alignmentX=0.0,alignmentY=0.0,border=,flags=9,maximumSize=,minimumSize=,preferredSize=]
2023-05-30 22:24:19,576 [INFO] UtilMem:75 - End SaveConfig() Used Memory: 315981216 Bytes (432013312)
2023-05-30 22:24:21,047 [INFO] UtilMem:75 - End SaveConfig() Used Memory: 257662072 Bytes (432013312)
2023-05-30 22:24:21,600 [INFO] UtilMem:75 - End SaveConfig() Used Memory: 287506336 Bytes (432013312)
2023-05-30 22:24:22,164 [INFO] BlockDiagram:2759 - set Specific Code input for plugin: NVIC
2023-05-30 22:24:22,164 [INFO] BlockDiagram:2759 - set Specific Code input for plugin: USART
2023-05-30 22:24:22,164 [INFO] BlockDiagram:2759 - set Specific Code input for plugin: USART
2023-05-30 22:24:22,164 [INFO] BlockDiagram:2759 - set Specific Code input for plugin: DMA
2023-05-30 22:24:22,164 [INFO] BlockDiagram:2759 - set Specific Code input for plugin: TIM1_8
2023-05-30 22:24:22,164 [INFO] BlockDiagram:2759 - set Specific Code input for plugin: TIM1_8
2023-05-30 22:24:22,164 [INFO] BlockDiagram:2759 - set Specific Code input for plugin: TIM1_8
2023-05-30 22:24:22,164 [INFO] BlockDiagram:2759 - set Specific Code input for plugin: ARM.CMSIS.5.6.0
2023-05-30 22:24:22,164 [INFO] BlockDiagram:2759 - set Specific Code input for plugin: TIM1_8
2023-05-30 22:24:22,164 [INFO] BlockDiagram:2759 - set Specific Code input for plugin: SYS
2023-05-30 22:24:22,166 [INFO] BlockDiagram:2759 - set Specific Code input for plugin: GPIO
2023-05-30 22:24:22,166 [INFO] BlockDiagram:2759 - set Specific Code input for plugin: ADC
2023-05-30 22:24:22,166 [INFO] BlockDiagram:2759 - set Specific Code input for plugin: RCC
2023-05-30 22:24:22,166 [INFO] BlockDiagram:2759 - set Specific Code input for plugin: I2C
2023-05-30 22:24:22,176 [WARN] ThirdPartyIpManager:480 - Condition 'ARMv8-M TZ Device' not fulfilled in pack 'ARM.CMSIS.5.6.0'
2023-05-30 22:24:22,176 [WARN] ThirdPartyIpManager:480 - Condition 'ARMv8-M TZ Device' not fulfilled in pack 'ARM.CMSIS.5.6.0'
2023-05-30 22:24:22,176 [WARN] ThirdPartyIpManager:480 - Condition 'ARMv8-M TZ Device' not fulfilled in pack 'ARM.CMSIS.5.6.0'
2023-05-30 22:24:22,177 [WARN] ThirdPartyIpManager:480 - Condition 'CM0_LE_ARMCC' not fulfilled in pack 'ARM.CMSIS.5.6.0'
2023-05-30 22:24:22,177 [WARN] ThirdPartyIpManager:480 - Condition 'CM0_BE_ARMCC' not fulfilled in pack 'ARM.CMSIS.5.6.0'
2023-05-30 22:24:22,178 [WARN] ThirdPartyIpManager:480 - Condition 'CM1_LE_ARMCC' not fulfilled in pack 'ARM.CMSIS.5.6.0'
2023-05-30 22:24:22,178 [WARN] ThirdPartyIpManager:480 - Condition 'CM1_BE_ARMCC' not fulfilled in pack 'ARM.CMSIS.5.6.0'
2023-05-30 22:24:22,178 [WARN] ThirdPartyIpManager:480 - Condition 'CM3_LE_ARMCC' not fulfilled in pack 'ARM.CMSIS.5.6.0'
2023-05-30 22:24:22,178 [WARN] ThirdPartyIpManager:480 - Condition 'CM3_BE_ARMCC' not fulfilled in pack 'ARM.CMSIS.5.6.0'
2023-05-30 22:24:22,178 [WARN] ThirdPartyIpManager:480 - Condition 'CM4_LE_ARMCC' not fulfilled in pack 'ARM.CMSIS.5.6.0'
2023-05-30 22:24:22,178 [WARN] ThirdPartyIpManager:480 - Condition 'CM4_BE_ARMCC' not fulfilled in pack 'ARM.CMSIS.5.6.0'
2023-05-30 22:24:22,179 [WARN] ThirdPartyIpManager:480 - Condition 'CM4_FP_LE_ARMCC' not fulfilled in pack 'ARM.CMSIS.5.6.0'
2023-05-30 22:24:22,179 [WARN] ThirdPartyIpManager:480 - Condition 'CM4_FP_BE_ARMCC' not fulfilled in pack 'ARM.CMSIS.5.6.0'
2023-05-30 22:24:22,179 [WARN] ThirdPartyIpManager:480 - Condition 'CM7_LE_ARMCC' not fulfilled in pack 'ARM.CMSIS.5.6.0'
2023-05-30 22:24:22,179 [WARN] ThirdPartyIpManager:480 - Condition 'CM7_BE_ARMCC' not fulfilled in pack 'ARM.CMSIS.5.6.0'
2023-05-30 22:24:22,179 [WARN] ThirdPartyIpManager:480 - Condition 'CM7_SP_LE_ARMCC' not fulfilled in pack 'ARM.CMSIS.5.6.0'
2023-05-30 22:24:22,179 [WARN] ThirdPartyIpManager:480 - Condition 'CM7_SP_BE_ARMCC' not fulfilled in pack 'ARM.CMSIS.5.6.0'
2023-05-30 22:24:22,179 [WARN] ThirdPartyIpManager:480 - Condition 'CM7_DP_LE_ARMCC' not fulfilled in pack 'ARM.CMSIS.5.6.0'
2023-05-30 22:24:22,180 [WARN] ThirdPartyIpManager:480 - Condition 'CM7_DP_BE_ARMCC' not fulfilled in pack 'ARM.CMSIS.5.6.0'
2023-05-30 22:24:22,180 [WARN] ThirdPartyIpManager:480 - Condition 'CM23_LE_ARMCC' not fulfilled in pack 'ARM.CMSIS.5.6.0'
2023-05-30 22:24:22,180 [WARN] ThirdPartyIpManager:480 - Condition 'CM33_NODSP_NOFPU_LE_ARMCC' not fulfilled in pack 'ARM.CMSIS.5.6.0'
2023-05-30 22:24:22,180 [WARN] ThirdPartyIpManager:480 - Condition 'CM33_DSP_NOFPU_LE_ARMCC' not fulfilled in pack 'ARM.CMSIS.5.6.0'
2023-05-30 22:24:22,180 [WARN] ThirdPartyIpManager:480 - Condition 'CM33_NODSP_SP_LE_ARMCC' not fulfilled in pack 'ARM.CMSIS.5.6.0'
2023-05-30 22:24:22,180 [WARN] ThirdPartyIpManager:480 - Condition 'CM33_DSP_SP_LE_ARMCC' not fulfilled in pack 'ARM.CMSIS.5.6.0'
2023-05-30 22:24:22,180 [WARN] ThirdPartyIpManager:480 - Condition 'CM35P_NODSP_NOFPU_LE_ARMCC' not fulfilled in pack 'ARM.CMSIS.5.6.0'
2023-05-30 22:24:22,180 [WARN] ThirdPartyIpManager:480 - Condition 'CM35P_DSP_NOFPU_LE_ARMCC' not fulfilled in pack 'ARM.CMSIS.5.6.0'
2023-05-30 22:24:22,180 [WARN] ThirdPartyIpManager:480 - Condition 'CM35P_NODSP_SP_LE_ARMCC' not fulfilled in pack 'ARM.CMSIS.5.6.0'
2023-05-30 22:24:22,181 [WARN] ThirdPartyIpManager:480 - Condition 'CM35P_DSP_SP_LE_ARMCC' not fulfilled in pack 'ARM.CMSIS.5.6.0'
2023-05-30 22:24:22,181 [WARN] ThirdPartyIpManager:480 - Condition 'ARMv8MBL_LE_ARMCC' not fulfilled in pack 'ARM.CMSIS.5.6.0'
2023-05-30 22:24:22,181 [WARN] ThirdPartyIpManager:480 - Condition 'ARMv8MML_NODSP_NOFPU_LE_ARMCC' not fulfilled in pack 'ARM.CMSIS.5.6.0'
2023-05-30 22:24:22,181 [WARN] ThirdPartyIpManager:480 - Condition 'ARMv8MML_DSP_NOFPU_LE_ARMCC' not fulfilled in pack 'ARM.CMSIS.5.6.0'
2023-05-30 22:24:22,181 [WARN] ThirdPartyIpManager:480 - Condition 'ARMv8MML_NODSP_SP_LE_ARMCC' not fulfilled in pack 'ARM.CMSIS.5.6.0'
2023-05-30 22:24:22,181 [WARN] ThirdPartyIpManager:480 - Condition 'ARMv8MML_DSP_SP_LE_ARMCC' not fulfilled in pack 'ARM.CMSIS.5.6.0'
2023-05-30 22:24:22,181 [WARN] ThirdPartyIpManager:480 - Condition 'CM0_LE_GCC' not fulfilled in pack 'ARM.CMSIS.5.6.0'
2023-05-30 22:24:22,181 [WARN] ThirdPartyIpManager:480 - Condition 'CM1_LE_GCC' not fulfilled in pack 'ARM.CMSIS.5.6.0'
2023-05-30 22:24:22,182 [WARN] ThirdPartyIpManager:480 - Condition 'CM3_LE_GCC' not fulfilled in pack 'ARM.CMSIS.5.6.0'
2023-05-30 22:24:22,182 [WARN] ThirdPartyIpManager:480 - Condition 'CM4_LE_GCC' not fulfilled in pack 'ARM.CMSIS.5.6.0'
2023-05-30 22:24:22,183 [WARN] ThirdPartyIpManager:480 - Condition 'CM7_LE_GCC' not fulfilled in pack 'ARM.CMSIS.5.6.0'
2023-05-30 22:24:22,183 [WARN] ThirdPartyIpManager:480 - Condition 'CM7_SP_LE_GCC' not fulfilled in pack 'ARM.CMSIS.5.6.0'
2023-05-30 22:24:22,183 [WARN] ThirdPartyIpManager:480 - Condition 'CM7_DP_LE_GCC' not fulfilled in pack 'ARM.CMSIS.5.6.0'
2023-05-30 22:24:22,183 [WARN] ThirdPartyIpManager:480 - Condition 'CM23_LE_GCC' not fulfilled in pack 'ARM.CMSIS.5.6.0'
2023-05-30 22:24:22,183 [WARN] ThirdPartyIpManager:480 - Condition 'CM33_NODSP_NOFPU_LE_GCC' not fulfilled in pack 'ARM.CMSIS.5.6.0'
2023-05-30 22:24:22,183 [WARN] ThirdPartyIpManager:480 - Condition 'CM33_DSP_NOFPU_LE_GCC' not fulfilled in pack 'ARM.CMSIS.5.6.0'
2023-05-30 22:24:22,183 [WARN] ThirdPartyIpManager:480 - Condition 'CM33_NODSP_SP_LE_GCC' not fulfilled in pack 'ARM.CMSIS.5.6.0'
2023-05-30 22:24:22,183 [WARN] ThirdPartyIpManager:480 - Condition 'CM33_DSP_SP_LE_GCC' not fulfilled in pack 'ARM.CMSIS.5.6.0'
2023-05-30 22:24:22,184 [WARN] ThirdPartyIpManager:480 - Condition 'CM35P_NODSP_NOFPU_LE_GCC' not fulfilled in pack 'ARM.CMSIS.5.6.0'
2023-05-30 22:24:22,184 [WARN] ThirdPartyIpManager:480 - Condition 'CM35P_DSP_NOFPU_LE_GCC' not fulfilled in pack 'ARM.CMSIS.5.6.0'
2023-05-30 22:24:22,184 [WARN] ThirdPartyIpManager:480 - Condition 'CM35P_NODSP_SP_LE_GCC' not fulfilled in pack 'ARM.CMSIS.5.6.0'
2023-05-30 22:24:22,184 [WARN] ThirdPartyIpManager:480 - Condition 'CM35P_DSP_SP_LE_GCC' not fulfilled in pack 'ARM.CMSIS.5.6.0'
2023-05-30 22:24:22,184 [WARN] ThirdPartyIpManager:480 - Condition 'ARMv8MBL_LE_GCC' not fulfilled in pack 'ARM.CMSIS.5.6.0'
2023-05-30 22:24:22,184 [WARN] ThirdPartyIpManager:480 - Condition 'ARMv8MML_NODSP_NOFPU_LE_GCC' not fulfilled in pack 'ARM.CMSIS.5.6.0'
2023-05-30 22:24:22,184 [WARN] ThirdPartyIpManager:480 - Condition 'ARMv8MML_DSP_NOFPU_LE_GCC' not fulfilled in pack 'ARM.CMSIS.5.6.0'
2023-05-30 22:24:22,184 [WARN] ThirdPartyIpManager:480 - Condition 'ARMv8MML_NODSP_SP_LE_GCC' not fulfilled in pack 'ARM.CMSIS.5.6.0'
2023-05-30 22:24:22,185 [WARN] ThirdPartyIpManager:480 - Condition 'ARMv8MML_DSP_SP_LE_GCC' not fulfilled in pack 'ARM.CMSIS.5.6.0'
2023-05-30 22:24:22,185 [WARN] ThirdPartyIpManager:480 - Condition 'CM0_LE_IAR' not fulfilled in pack 'ARM.CMSIS.5.6.0'
2023-05-30 22:24:22,185 [WARN] ThirdPartyIpManager:480 - Condition 'CM0_BE_IAR' not fulfilled in pack 'ARM.CMSIS.5.6.0'
2023-05-30 22:24:22,185 [WARN] ThirdPartyIpManager:480 - Condition 'CM1_LE_IAR' not fulfilled in pack 'ARM.CMSIS.5.6.0'
2023-05-30 22:24:22,185 [WARN] ThirdPartyIpManager:480 - Condition 'CM1_BE_IAR' not fulfilled in pack 'ARM.CMSIS.5.6.0'
2023-05-30 22:24:22,185 [WARN] ThirdPartyIpManager:480 - Condition 'CM3_LE_IAR' not fulfilled in pack 'ARM.CMSIS.5.6.0'
2023-05-30 22:24:22,185 [WARN] ThirdPartyIpManager:480 - Condition 'CM3_BE_IAR' not fulfilled in pack 'ARM.CMSIS.5.6.0'
2023-05-30 22:24:22,185 [WARN] ThirdPartyIpManager:480 - Condition 'CM4_LE_IAR' not fulfilled in pack 'ARM.CMSIS.5.6.0'
2023-05-30 22:24:22,186 [WARN] ThirdPartyIpManager:480 - Condition 'CM4_BE_IAR' not fulfilled in pack 'ARM.CMSIS.5.6.0'
2023-05-30 22:24:22,186 [WARN] ThirdPartyIpManager:480 - Condition 'CM4_FP_LE_IAR' not fulfilled in pack 'ARM.CMSIS.5.6.0'
2023-05-30 22:24:22,186 [WARN] ThirdPartyIpManager:480 - Condition 'CM4_FP_BE_IAR' not fulfilled in pack 'ARM.CMSIS.5.6.0'
2023-05-30 22:24:22,186 [WARN] ThirdPartyIpManager:480 - Condition 'CM7_LE_IAR' not fulfilled in pack 'ARM.CMSIS.5.6.0'
2023-05-30 22:24:22,186 [WARN] ThirdPartyIpManager:480 - Condition 'CM7_BE_IAR' not fulfilled in pack 'ARM.CMSIS.5.6.0'
2023-05-30 22:24:22,186 [WARN] ThirdPartyIpManager:480 - Condition 'CM7_DP_LE_IAR' not fulfilled in pack 'ARM.CMSIS.5.6.0'
2023-05-30 22:24:22,186 [WARN] ThirdPartyIpManager:480 - Condition 'CM7_DP_BE_IAR' not fulfilled in pack 'ARM.CMSIS.5.6.0'
2023-05-30 22:24:22,187 [WARN] ThirdPartyIpManager:480 - Condition 'CM7_SP_LE_IAR' not fulfilled in pack 'ARM.CMSIS.5.6.0'
2023-05-30 22:24:22,187 [WARN] ThirdPartyIpManager:480 - Condition 'CM7_SP_BE_IAR' not fulfilled in pack 'ARM.CMSIS.5.6.0'
2023-05-30 22:24:22,187 [WARN] ThirdPartyIpManager:480 - Condition 'CM23_LE_IAR' not fulfilled in pack 'ARM.CMSIS.5.6.0'
2023-05-30 22:24:22,187 [WARN] ThirdPartyIpManager:480 - Condition 'CM33_NODSP_NOFPU_LE_IAR' not fulfilled in pack 'ARM.CMSIS.5.6.0'
2023-05-30 22:24:22,187 [WARN] ThirdPartyIpManager:480 - Condition 'CM33_DSP_NOFPU_LE_IAR' not fulfilled in pack 'ARM.CMSIS.5.6.0'
2023-05-30 22:24:22,187 [WARN] ThirdPartyIpManager:480 - Condition 'CM33_NODSP_SP_LE_IAR' not fulfilled in pack 'ARM.CMSIS.5.6.0'
2023-05-30 22:24:22,187 [WARN] ThirdPartyIpManager:480 - Condition 'CM33_DSP_SP_LE_IAR' not fulfilled in pack 'ARM.CMSIS.5.6.0'
2023-05-30 22:24:22,187 [WARN] ThirdPartyIpManager:480 - Condition 'CM35P_NODSP_NOFPU_LE_IAR' not fulfilled in pack 'ARM.CMSIS.5.6.0'
2023-05-30 22:24:22,187 [WARN] ThirdPartyIpManager:480 - Condition 'CM35P_DSP_NOFPU_LE_IAR' not fulfilled in pack 'ARM.CMSIS.5.6.0'
2023-05-30 22:24:22,187 [WARN] ThirdPartyIpManager:480 - Condition 'CM35P_NODSP_SP_LE_IAR' not fulfilled in pack 'ARM.CMSIS.5.6.0'
2023-05-30 22:24:22,187 [WARN] ThirdPartyIpManager:480 - Condition 'CM35P_DSP_SP_LE_IAR' not fulfilled in pack 'ARM.CMSIS.5.6.0'
2023-05-30 22:24:22,187 [WARN] ThirdPartyIpManager:480 - Condition 'ARMv8MBL_LE_IAR' not fulfilled in pack 'ARM.CMSIS.5.6.0'
2023-05-30 22:24:22,188 [WARN] ThirdPartyIpManager:480 - Condition 'ARMv8MML_NODSP_NOFPU_LE_IAR' not fulfilled in pack 'ARM.CMSIS.5.6.0'
2023-05-30 22:24:22,188 [WARN] ThirdPartyIpManager:480 - Condition 'ARMv8MML_DSP_NOFPU_LE_IAR' not fulfilled in pack 'ARM.CMSIS.5.6.0'
2023-05-30 22:24:22,188 [WARN] ThirdPartyIpManager:480 - Condition 'ARMv8MML_NODSP_SP_LE_IAR' not fulfilled in pack 'ARM.CMSIS.5.6.0'
2023-05-30 22:24:22,188 [WARN] ThirdPartyIpManager:480 - Condition 'ARMv8MML_DSP_SP_LE_IAR' not fulfilled in pack 'ARM.CMSIS.5.6.0'
2023-05-30 22:24:22,191 [INFO] CodeGenerator:793 - code generatio: config db path: C:\ST\STM32CubeIDE_1.11.0\STM32CubeIDE\plugins\com.st.stm32cube.common.mx_6.8.1.202304191431\\db\
2023-05-30 22:24:22,205 [WARN] IP:2113 - I2C_Coeff_DF not found: check if there is a RefParameter without a condition.
2023-05-30 22:24:22,205 [WARN] IP:2113 - Analog_Filter not found: check if there is a RefParameter without a condition.
2023-05-30 22:24:22,442 [INFO] IP:3348 - RTE Config file name : RTE_Component
2023-05-30 22:24:22,442 [INFO] IP:3366 - RTE template : RTE_Components.ftl
2023-05-30 22:24:22,473 [INFO] CodeEngine:255 - oldGeneratedFile, C:\ST\FRA222-Microcontroller-Interface\FRA262-G6\MXTmpFiles\license.tmp_save
2023-05-30 22:24:22,878 [INFO] CodeEngine:279 - Generated code: C:\ST\FRA222-Microcontroller-Interface\FRA262-G6\MXTmpFiles\license.tmp
2023-05-30 22:24:22,957 [INFO] CodeEngine:255 - oldGeneratedFile, C:\ST\FRA222-Microcontroller-Interface\FRA262-G6\MXTmpFiles\gpio.tmp_save
2023-05-30 22:24:23,062 [INFO] CodeEngine:279 - Generated code: C:\ST\FRA222-Microcontroller-Interface\FRA262-G6\MXTmpFiles\gpio.tmp
2023-05-30 22:24:23,495 [INFO] CodeEngine:255 - oldGeneratedFile, C:\ST\FRA222-Microcontroller-Interface\FRA262-G6\MXTmpFiles\dma.tmp_save
2023-05-30 22:24:23,572 [INFO] CodeEngine:279 - Generated code: C:\ST\FRA222-Microcontroller-Interface\FRA262-G6\MXTmpFiles\dma.tmp
2023-05-30 22:24:23,584 [INFO] CodeEngine:255 - oldGeneratedFile, C:\ST\FRA222-Microcontroller-Interface\FRA262-G6\MXTmpFiles\dma_GV.tmp_save
2023-05-30 22:24:23,654 [INFO] CodeEngine:279 - Generated code: C:\ST\FRA222-Microcontroller-Interface\FRA262-G6\MXTmpFiles\dma_GV.tmp
2023-05-30 22:24:23,689 [INFO] CodeEngine:255 - oldGeneratedFile, C:\ST\FRA222-Microcontroller-Interface\FRA262-G6\Core\Src\stm32f4xx_it.c_save
2023-05-30 22:24:23,796 [INFO] CodeEngine:279 - Generated code: C:\ST\FRA222-Microcontroller-Interface\FRA262-G6\Core\Src\stm32f4xx_it.c
2023-05-30 22:24:23,808 [INFO] CodeEngine:255 - oldGeneratedFile, C:\ST\FRA222-Microcontroller-Interface\FRA262-G6\Core\Inc\stm32f4xx_it.h_save
2023-05-30 22:24:23,866 [INFO] CodeEngine:279 - Generated code: C:\ST\FRA222-Microcontroller-Interface\FRA262-G6\Core\Inc\stm32f4xx_it.h
2023-05-30 22:24:23,884 [INFO] CodeEngine:255 - oldGeneratedFile, C:\ST\FRA222-Microcontroller-Interface\FRA262-G6\Core\Src\stm32f4xx_hal_msp.c_save
2023-05-30 22:24:23,989 [INFO] CodeEngine:279 - Generated code: C:\ST\FRA222-Microcontroller-Interface\FRA262-G6\Core\Src\stm32f4xx_hal_msp.c
2023-05-30 22:24:23,999 [INFO] CodeEngine:255 - oldGeneratedFile, C:\ST\FRA222-Microcontroller-Interface\FRA262-G6\MXTmpFiles\system.tmp_save
2023-05-30 22:24:24,055 [INFO] CodeEngine:279 - Generated code: C:\ST\FRA222-Microcontroller-Interface\FRA262-G6\MXTmpFiles\system.tmp
2023-05-30 22:24:24,071 [INFO] CodeEngine:311 - oldGeneratedFile, C:\ST\FRA222-Microcontroller-Interface\FRA262-G6\Core\Inc\stm32f4xx_hal_conf.h_save
2023-05-30 22:24:24,134 [INFO] CodeEngine:335 - Generated code: C:\ST\FRA222-Microcontroller-Interface\FRA262-G6\Core\Inc\stm32f4xx_hal_conf.h
2023-05-30 22:24:24,163 [WARN] IPConfigManager:3431 - IP not found : TIM
2023-05-30 22:24:24,165 [WARN] CodeGenerator:3754 - IP not found : null
2023-05-30 22:24:24,177 [INFO] CodeEngine:255 - oldGeneratedFile, C:\ST\FRA222-Microcontroller-Interface\FRA262-G6\Core\Inc\main.h_save
2023-05-30 22:24:24,242 [INFO] CodeEngine:279 - Generated code: C:\ST\FRA222-Microcontroller-Interface\FRA262-G6\Core\Inc\main.h
2023-05-30 22:24:24,253 [INFO] CodeEngine:255 - oldGeneratedFile, C:\ST\FRA222-Microcontroller-Interface\FRA262-G6\Core\Src\main.c_save
2023-05-30 22:24:24,412 [INFO] CodeEngine:279 - Generated code: C:\ST\FRA222-Microcontroller-Interface\FRA262-G6\Core\Src\main.c
2023-05-30 22:24:25,256 [INFO] ProjectBuilder:2996 - Time for Copy HAL[1] : 400mS.
2023-05-30 22:24:25,257 [WARN] ThirdPartyIpManager:480 - Condition 'ARMv8-M TZ Device' not fulfilled in pack 'ARM.CMSIS.5.6.0'
2023-05-30 22:24:25,257 [WARN] ThirdPartyIpManager:480 - Condition 'ARMv8-M TZ Device' not fulfilled in pack 'ARM.CMSIS.5.6.0'
2023-05-30 22:24:25,257 [WARN] ThirdPartyIpManager:480 - Condition 'ARMv8-M TZ Device' not fulfilled in pack 'ARM.CMSIS.5.6.0'
2023-05-30 22:24:25,257 [WARN] ThirdPartyIpManager:480 - Condition 'CM0_LE_ARMCC' not fulfilled in pack 'ARM.CMSIS.5.6.0'
2023-05-30 22:24:25,257 [WARN] ThirdPartyIpManager:480 - Condition 'CM0_BE_ARMCC' not fulfilled in pack 'ARM.CMSIS.5.6.0'
2023-05-30 22:24:25,257 [WARN] ThirdPartyIpManager:480 - Condition 'CM1_LE_ARMCC' not fulfilled in pack 'ARM.CMSIS.5.6.0'
2023-05-30 22:24:25,258 [WARN] ThirdPartyIpManager:480 - Condition 'CM1_BE_ARMCC' not fulfilled in pack 'ARM.CMSIS.5.6.0'
2023-05-30 22:24:25,258 [WARN] ThirdPartyIpManager:480 - Condition 'CM3_LE_ARMCC' not fulfilled in pack 'ARM.CMSIS.5.6.0'
2023-05-30 22:24:25,258 [WARN] ThirdPartyIpManager:480 - Condition 'CM3_BE_ARMCC' not fulfilled in pack 'ARM.CMSIS.5.6.0'
2023-05-30 22:24:25,258 [WARN] ThirdPartyIpManager:480 - Condition 'CM4_LE_ARMCC' not fulfilled in pack 'ARM.CMSIS.5.6.0'
2023-05-30 22:24:25,258 [WARN] ThirdPartyIpManager:480 - Condition 'CM4_BE_ARMCC' not fulfilled in pack 'ARM.CMSIS.5.6.0'
2023-05-30 22:24:25,258 [WARN] ThirdPartyIpManager:480 - Condition 'CM4_FP_LE_ARMCC' not fulfilled in pack 'ARM.CMSIS.5.6.0'
2023-05-30 22:24:25,258 [WARN] ThirdPartyIpManager:480 - Condition 'CM4_FP_BE_ARMCC' not fulfilled in pack 'ARM.CMSIS.5.6.0'
2023-05-30 22:24:25,258 [WARN] ThirdPartyIpManager:480 - Condition 'CM7_LE_ARMCC' not fulfilled in pack 'ARM.CMSIS.5.6.0'
2023-05-30 22:24:25,258 [WARN] ThirdPartyIpManager:480 - Condition 'CM7_BE_ARMCC' not fulfilled in pack 'ARM.CMSIS.5.6.0'
2023-05-30 22:24:25,258 [WARN] ThirdPartyIpManager:480 - Condition 'CM7_SP_LE_ARMCC' not fulfilled in pack 'ARM.CMSIS.5.6.0'
2023-05-30 22:24:25,258 [WARN] ThirdPartyIpManager:480 - Condition 'CM7_SP_BE_ARMCC' not fulfilled in pack 'ARM.CMSIS.5.6.0'
2023-05-30 22:24:25,258 [WARN] ThirdPartyIpManager:480 - Condition 'CM7_DP_LE_ARMCC' not fulfilled in pack 'ARM.CMSIS.5.6.0'
2023-05-30 22:24:25,258 [WARN] ThirdPartyIpManager:480 - Condition 'CM7_DP_BE_ARMCC' not fulfilled in pack 'ARM.CMSIS.5.6.0'
2023-05-30 22:24:25,258 [WARN] ThirdPartyIpManager:480 - Condition 'CM23_LE_ARMCC' not fulfilled in pack 'ARM.CMSIS.5.6.0'
2023-05-30 22:24:25,258 [WARN] ThirdPartyIpManager:480 - Condition 'CM33_NODSP_NOFPU_LE_ARMCC' not fulfilled in pack 'ARM.CMSIS.5.6.0'
2023-05-30 22:24:25,258 [WARN] ThirdPartyIpManager:480 - Condition 'CM33_DSP_NOFPU_LE_ARMCC' not fulfilled in pack 'ARM.CMSIS.5.6.0'
2023-05-30 22:24:25,259 [WARN] ThirdPartyIpManager:480 - Condition 'CM33_NODSP_SP_LE_ARMCC' not fulfilled in pack 'ARM.CMSIS.5.6.0'
2023-05-30 22:24:25,259 [WARN] ThirdPartyIpManager:480 - Condition 'CM33_DSP_SP_LE_ARMCC' not fulfilled in pack 'ARM.CMSIS.5.6.0'
2023-05-30 22:24:25,259 [WARN] ThirdPartyIpManager:480 - Condition 'CM35P_NODSP_NOFPU_LE_ARMCC' not fulfilled in pack 'ARM.CMSIS.5.6.0'
2023-05-30 22:24:25,259 [WARN] ThirdPartyIpManager:480 - Condition 'CM35P_DSP_NOFPU_LE_ARMCC' not fulfilled in pack 'ARM.CMSIS.5.6.0'
2023-05-30 22:24:25,259 [WARN] ThirdPartyIpManager:480 - Condition 'CM35P_NODSP_SP_LE_ARMCC' not fulfilled in pack 'ARM.CMSIS.5.6.0'
2023-05-30 22:24:25,259 [WARN] ThirdPartyIpManager:480 - Condition 'CM35P_DSP_SP_LE_ARMCC' not fulfilled in pack 'ARM.CMSIS.5.6.0'
2023-05-30 22:24:25,259 [WARN] ThirdPartyIpManager:480 - Condition 'ARMv8MBL_LE_ARMCC' not fulfilled in pack 'ARM.CMSIS.5.6.0'
2023-05-30 22:24:25,259 [WARN] ThirdPartyIpManager:480 - Condition 'ARMv8MML_NODSP_NOFPU_LE_ARMCC' not fulfilled in pack 'ARM.CMSIS.5.6.0'
2023-05-30 22:24:25,259 [WARN] ThirdPartyIpManager:480 - Condition 'ARMv8MML_DSP_NOFPU_LE_ARMCC' not fulfilled in pack 'ARM.CMSIS.5.6.0'
2023-05-30 22:24:25,259 [WARN] ThirdPartyIpManager:480 - Condition 'ARMv8MML_NODSP_SP_LE_ARMCC' not fulfilled in pack 'ARM.CMSIS.5.6.0'
2023-05-30 22:24:25,259 [WARN] ThirdPartyIpManager:480 - Condition 'ARMv8MML_DSP_SP_LE_ARMCC' not fulfilled in pack 'ARM.CMSIS.5.6.0'
2023-05-30 22:24:25,259 [WARN] ThirdPartyIpManager:480 - Condition 'CM0_LE_GCC' not fulfilled in pack 'ARM.CMSIS.5.6.0'
2023-05-30 22:24:25,259 [WARN] ThirdPartyIpManager:480 - Condition 'CM1_LE_GCC' not fulfilled in pack 'ARM.CMSIS.5.6.0'
2023-05-30 22:24:25,259 [WARN] ThirdPartyIpManager:480 - Condition 'CM3_LE_GCC' not fulfilled in pack 'ARM.CMSIS.5.6.0'
2023-05-30 22:24:25,259 [WARN] ThirdPartyIpManager:480 - Condition 'CM4_LE_GCC' not fulfilled in pack 'ARM.CMSIS.5.6.0'
2023-05-30 22:24:25,259 [WARN] ThirdPartyIpManager:480 - Condition 'CM7_LE_GCC' not fulfilled in pack 'ARM.CMSIS.5.6.0'
2023-05-30 22:24:25,260 [WARN] ThirdPartyIpManager:480 - Condition 'CM7_SP_LE_GCC' not fulfilled in pack 'ARM.CMSIS.5.6.0'
2023-05-30 22:24:25,260 [WARN] ThirdPartyIpManager:480 - Condition 'CM7_DP_LE_GCC' not fulfilled in pack 'ARM.CMSIS.5.6.0'
2023-05-30 22:24:25,260 [WARN] ThirdPartyIpManager:480 - Condition 'CM23_LE_GCC' not fulfilled in pack 'ARM.CMSIS.5.6.0'
2023-05-30 22:24:25,260 [WARN] ThirdPartyIpManager:480 - Condition 'CM33_NODSP_NOFPU_LE_GCC' not fulfilled in pack 'ARM.CMSIS.5.6.0'
2023-05-30 22:24:25,260 [WARN] ThirdPartyIpManager:480 - Condition 'CM33_DSP_NOFPU_LE_GCC' not fulfilled in pack 'ARM.CMSIS.5.6.0'
2023-05-30 22:24:25,260 [WARN] ThirdPartyIpManager:480 - Condition 'CM33_NODSP_SP_LE_GCC' not fulfilled in pack 'ARM.CMSIS.5.6.0'
2023-05-30 22:24:25,260 [WARN] ThirdPartyIpManager:480 - Condition 'CM33_DSP_SP_LE_GCC' not fulfilled in pack 'ARM.CMSIS.5.6.0'
2023-05-30 22:24:25,260 [WARN] ThirdPartyIpManager:480 - Condition 'CM35P_NODSP_NOFPU_LE_GCC' not fulfilled in pack 'ARM.CMSIS.5.6.0'
2023-05-30 22:24:25,260 [WARN] ThirdPartyIpManager:480 - Condition 'CM35P_DSP_NOFPU_LE_GCC' not fulfilled in pack 'ARM.CMSIS.5.6.0'
2023-05-30 22:24:25,260 [WARN] ThirdPartyIpManager:480 - Condition 'CM35P_NODSP_SP_LE_GCC' not fulfilled in pack 'ARM.CMSIS.5.6.0'
2023-05-30 22:24:25,260 [WARN] ThirdPartyIpManager:480 - Condition 'CM35P_DSP_SP_LE_GCC' not fulfilled in pack 'ARM.CMSIS.5.6.0'
2023-05-30 22:24:25,260 [WARN] ThirdPartyIpManager:480 - Condition 'ARMv8MBL_LE_GCC' not fulfilled in pack 'ARM.CMSIS.5.6.0'
2023-05-30 22:24:25,260 [WARN] ThirdPartyIpManager:480 - Condition 'ARMv8MML_NODSP_NOFPU_LE_GCC' not fulfilled in pack 'ARM.CMSIS.5.6.0'
2023-05-30 22:24:25,260 [WARN] ThirdPartyIpManager:480 - Condition 'ARMv8MML_DSP_NOFPU_LE_GCC' not fulfilled in pack 'ARM.CMSIS.5.6.0'
2023-05-30 22:24:25,260 [WARN] ThirdPartyIpManager:480 - Condition 'ARMv8MML_NODSP_SP_LE_GCC' not fulfilled in pack 'ARM.CMSIS.5.6.0'
2023-05-30 22:24:25,260 [WARN] ThirdPartyIpManager:480 - Condition 'ARMv8MML_DSP_SP_LE_GCC' not fulfilled in pack 'ARM.CMSIS.5.6.0'
2023-05-30 22:24:25,260 [WARN] ThirdPartyIpManager:480 - Condition 'CM0_LE_IAR' not fulfilled in pack 'ARM.CMSIS.5.6.0'
2023-05-30 22:24:25,261 [WARN] ThirdPartyIpManager:480 - Condition 'CM0_BE_IAR' not fulfilled in pack 'ARM.CMSIS.5.6.0'
2023-05-30 22:24:25,261 [WARN] ThirdPartyIpManager:480 - Condition 'CM1_LE_IAR' not fulfilled in pack 'ARM.CMSIS.5.6.0'
2023-05-30 22:24:25,261 [WARN] ThirdPartyIpManager:480 - Condition 'CM1_BE_IAR' not fulfilled in pack 'ARM.CMSIS.5.6.0'
2023-05-30 22:24:25,261 [WARN] ThirdPartyIpManager:480 - Condition 'CM3_LE_IAR' not fulfilled in pack 'ARM.CMSIS.5.6.0'
2023-05-30 22:24:25,261 [WARN] ThirdPartyIpManager:480 - Condition 'CM3_BE_IAR' not fulfilled in pack 'ARM.CMSIS.5.6.0'
2023-05-30 22:24:25,261 [WARN] ThirdPartyIpManager:480 - Condition 'CM4_LE_IAR' not fulfilled in pack 'ARM.CMSIS.5.6.0'
2023-05-30 22:24:25,261 [WARN] ThirdPartyIpManager:480 - Condition 'CM4_BE_IAR' not fulfilled in pack 'ARM.CMSIS.5.6.0'
2023-05-30 22:24:25,261 [WARN] ThirdPartyIpManager:480 - Condition 'CM4_FP_LE_IAR' not fulfilled in pack 'ARM.CMSIS.5.6.0'
2023-05-30 22:24:25,261 [WARN] ThirdPartyIpManager:480 - Condition 'CM4_FP_BE_IAR' not fulfilled in pack 'ARM.CMSIS.5.6.0'
2023-05-30 22:24:25,261 [WARN] ThirdPartyIpManager:480 - Condition 'CM7_LE_IAR' not fulfilled in pack 'ARM.CMSIS.5.6.0'
2023-05-30 22:24:25,261 [WARN] ThirdPartyIpManager:480 - Condition 'CM7_BE_IAR' not fulfilled in pack 'ARM.CMSIS.5.6.0'
2023-05-30 22:24:25,261 [WARN] ThirdPartyIpManager:480 - Condition 'CM7_DP_LE_IAR' not fulfilled in pack 'ARM.CMSIS.5.6.0'
2023-05-30 22:24:25,261 [WARN] ThirdPartyIpManager:480 - Condition 'CM7_DP_BE_IAR' not fulfilled in pack 'ARM.CMSIS.5.6.0'
2023-05-30 22:24:25,261 [WARN] ThirdPartyIpManager:480 - Condition 'CM7_SP_LE_IAR' not fulfilled in pack 'ARM.CMSIS.5.6.0'
2023-05-30 22:24:25,262 [WARN] ThirdPartyIpManager:480 - Condition 'CM7_SP_BE_IAR' not fulfilled in pack 'ARM.CMSIS.5.6.0'
2023-05-30 22:24:25,262 [WARN] ThirdPartyIpManager:480 - Condition 'CM23_LE_IAR' not fulfilled in pack 'ARM.CMSIS.5.6.0'
2023-05-30 22:24:25,262 [WARN] ThirdPartyIpManager:480 - Condition 'CM33_NODSP_NOFPU_LE_IAR' not fulfilled in pack 'ARM.CMSIS.5.6.0'
2023-05-30 22:24:25,262 [WARN] ThirdPartyIpManager:480 - Condition 'CM33_DSP_NOFPU_LE_IAR' not fulfilled in pack 'ARM.CMSIS.5.6.0'
2023-05-30 22:24:25,262 [WARN] ThirdPartyIpManager:480 - Condition 'CM33_NODSP_SP_LE_IAR' not fulfilled in pack 'ARM.CMSIS.5.6.0'
2023-05-30 22:24:25,262 [WARN] ThirdPartyIpManager:480 - Condition 'CM33_DSP_SP_LE_IAR' not fulfilled in pack 'ARM.CMSIS.5.6.0'
2023-05-30 22:24:25,262 [WARN] ThirdPartyIpManager:480 - Condition 'CM35P_NODSP_NOFPU_LE_IAR' not fulfilled in pack 'ARM.CMSIS.5.6.0'
2023-05-30 22:24:25,262 [WARN] ThirdPartyIpManager:480 - Condition 'CM35P_DSP_NOFPU_LE_IAR' not fulfilled in pack 'ARM.CMSIS.5.6.0'
2023-05-30 22:24:25,262 [WARN] ThirdPartyIpManager:480 - Condition 'CM35P_NODSP_SP_LE_IAR' not fulfilled in pack 'ARM.CMSIS.5.6.0'
2023-05-30 22:24:25,262 [WARN] ThirdPartyIpManager:480 - Condition 'CM35P_DSP_SP_LE_IAR' not fulfilled in pack 'ARM.CMSIS.5.6.0'
2023-05-30 22:24:25,262 [WARN] ThirdPartyIpManager:480 - Condition 'ARMv8MBL_LE_IAR' not fulfilled in pack 'ARM.CMSIS.5.6.0'
2023-05-30 22:24:25,262 [WARN] ThirdPartyIpManager:480 - Condition 'ARMv8MML_NODSP_NOFPU_LE_IAR' not fulfilled in pack 'ARM.CMSIS.5.6.0'
2023-05-30 22:24:25,263 [WARN] ThirdPartyIpManager:480 - Condition 'ARMv8MML_DSP_NOFPU_LE_IAR' not fulfilled in pack 'ARM.CMSIS.5.6.0'
2023-05-30 22:24:25,263 [WARN] ThirdPartyIpManager:480 - Condition 'ARMv8MML_NODSP_SP_LE_IAR' not fulfilled in pack 'ARM.CMSIS.5.6.0'
2023-05-30 22:24:25,263 [WARN] ThirdPartyIpManager:480 - Condition 'ARMv8MML_DSP_SP_LE_IAR' not fulfilled in pack 'ARM.CMSIS.5.6.0'
2023-05-30 22:24:25,459 [INFO] ProjectBuilder:8409 - Time for Copy ThirdParty[1] : 194mS.
2023-05-30 22:24:25,619 [INFO] ProjectBuilder:8409 - Time for Copy ThirdParty[1] : 160mS.
2023-05-30 22:24:25,643 [INFO] ProjectBuilder:4304 - Project Generator version: 3.19.2
2023-05-30 22:24:25,899 [INFO] ConfigFileManager:1483 - The Die is : DIE431
2023-05-30 22:24:25,908 [INFO] ApiDbMcu:507 - Load IP Config File for FATFS
2023-05-30 22:24:25,918 [INFO] ApiDbMcu:507 - Load IP Config File for FREERTOS
2023-05-30 22:24:25,924 [INFO] ApiDbMcu:507 - Load IP Config File for LIBJPEG
2023-05-30 22:24:25,934 [INFO] ApiDbMcu:507 - Load IP Config File for MBEDTLS
2023-05-30 22:24:25,944 [INFO] ApiDbMcu:507 - Load IP Config File for USB_DEVICE
2023-05-30 22:24:25,953 [INFO] ApiDbMcu:507 - Load IP Config File for USB_HOST
2023-05-30 22:24:26,736 [INFO] LogOutputStream:77 - [STDOUT_REDIRECT] 
2023-05-30 22:24:28,096 [INFO] ProjectBuilder:4505 - Time for Generating toolchain IDE Files: 2452mS.
2023-05-30 22:24:28,097 [INFO] ProjectBuilder:2867 - Time for Copy CMSIS : 1mS.
2023-05-30 22:24:28,123 [INFO] ProjectBuilder:2867 - Time for Copy CMSIS : 0mS.
